{"C:\\Users\\sarra\\OneDrive\\Documents\\GitHub\\NLAWEJ-authentication_service\\MicroServicesBackend\\authentication-service\\src\\config\\GoogleAuthenticator2FA.js": {"path":"C:\\Users\\sarra\\OneDrive\\Documents\\GitHub\\NLAWEJ-authentication_service\\MicroServicesBackend\\authentication-service\\src\\config\\GoogleAuthenticator2FA.js","statementMap":{"0":{"start":{"line":1,"column":18},"end":{"line":1,"column":38}},"1":{"start":{"line":2,"column":15},"end":{"line":2,"column":32}},"2":{"start":{"line":3,"column":13},"end":{"line":3,"column":38}},"3":{"start":{"line":6,"column":23},"end":{"line":16,"column":1}},"4":{"start":{"line":8,"column":20},"end":{"line":14,"column":4}},"5":{"start":{"line":15,"column":2},"end":{"line":15,"column":17}},"6":{"start":{"line":20,"column":26},"end":{"line":38,"column":1}},"7":{"start":{"line":22,"column":17},"end":{"line":27,"column":4}},"8":{"start":{"line":30,"column":2},"end":{"line":30,"column":36}},"9":{"start":{"line":31,"column":2},"end":{"line":31,"column":20}},"10":{"start":{"line":34,"column":22},"end":{"line":34,"column":40}},"11":{"start":{"line":35,"column":17},"end":{"line":35,"column":52}},"12":{"start":{"line":37,"column":2},"end":{"line":37,"column":28}},"13":{"start":{"line":42,"column":17},"end":{"line":56,"column":3}},"14":{"start":{"line":43,"column":4},"end":{"line":55,"column":5}},"15":{"start":{"line":44,"column":19},"end":{"line":44,"column":51}},"16":{"start":{"line":45,"column":33},"end":{"line":45,"column":62}},"17":{"start":{"line":47,"column":6},"end":{"line":51,"column":9}},"18":{"start":{"line":53,"column":6},"end":{"line":53,"column":44}},"19":{"start":{"line":54,"column":6},"end":{"line":54,"column":59}},"20":{"start":{"line":59,"column":0},"end":{"line":59,"column":64}}},"fnMap":{"0":{"name":"(anonymous_0)","decl":{"start":{"line":6,"column":23},"end":{"line":6,"column":24}},"loc":{"start":{"line":6,"column":41},"end":{"line":16,"column":1}},"line":6},"1":{"name":"(anonymous_1)","decl":{"start":{"line":20,"column":26},"end":{"line":20,"column":27}},"loc":{"start":{"line":20,"column":42},"end":{"line":38,"column":1}},"line":20},"2":{"name":"(anonymous_2)","decl":{"start":{"line":42,"column":17},"end":{"line":42,"column":18}},"loc":{"start":{"line":42,"column":37},"end":{"line":56,"column":3}},"line":42}},"branchMap":{},"s":{"0":1,"1":1,"2":1,"3":1,"4":0,"5":0,"6":1,"7":0,"8":0,"9":0,"10":0,"11":0,"12":0,"13":1,"14":0,"15":0,"16":0,"17":0,"18":0,"19":0,"20":1},"f":{"0":0,"1":0,"2":0},"b":{},"_coverageSchema":"1a1c01bbd47fc00a2c39e90264f33305004495a9","hash":"d448e48a7b5d850b9a8e4f34c989d8ce44697624"}
,"C:\\Users\\sarra\\OneDrive\\Documents\\GitHub\\NLAWEJ-authentication_service\\MicroServicesBackend\\authentication-service\\src\\controllers\\AuthController.js": {"path":"C:\\Users\\sarra\\OneDrive\\Documents\\GitHub\\NLAWEJ-authentication_service\\MicroServicesBackend\\authentication-service\\src\\controllers\\AuthController.js","statementMap":{"0":{"start":{"line":5,"column":4},"end":{"line":5,"column":39}},"1":{"start":{"line":6,"column":13},"end":{"line":6,"column":38}},"2":{"start":{"line":7,"column":15},"end":{"line":7,"column":34}},"3":{"start":{"line":8,"column":13},"end":{"line":8,"column":28}},"4":{"start":{"line":9,"column":15},"end":{"line":9,"column":32}},"5":{"start":{"line":10,"column":31},"end":{"line":10,"column":65}},"6":{"start":{"line":11,"column":12},"end":{"line":11,"column":35}},"7":{"start":{"line":12,"column":15},"end":{"line":12,"column":32}},"8":{"start":{"line":13,"column":27},"end":{"line":13,"column":70}},"9":{"start":{"line":17,"column":16},"end":{"line":25,"column":2}},"10":{"start":{"line":19,"column":19},"end":{"line":19,"column":85}},"11":{"start":{"line":20,"column":4},"end":{"line":20,"column":21}},"12":{"start":{"line":23,"column":4},"end":{"line":23,"column":51}},"13":{"start":{"line":27,"column":15},"end":{"line":41,"column":2}},"14":{"start":{"line":30,"column":30},"end":{"line":33,"column":5}},"15":{"start":{"line":34,"column":16},"end":{"line":34,"column":61}},"16":{"start":{"line":35,"column":18},"end":{"line":35,"column":32}},"17":{"start":{"line":36,"column":4},"end":{"line":38,"column":5}},"18":{"start":{"line":37,"column":6},"end":{"line":37,"column":66}},"19":{"start":{"line":39,"column":4},"end":{"line":39,"column":19}},"20":{"start":{"line":43,"column":24},"end":{"line":103,"column":1}},"21":{"start":{"line":44,"column":2},"end":{"line":102,"column":5}},"22":{"start":{"line":48,"column":4},"end":{"line":50,"column":5}},"23":{"start":{"line":49,"column":6},"end":{"line":49,"column":60}},"24":{"start":{"line":52,"column":4},"end":{"line":101,"column":5}},"25":{"start":{"line":53,"column":86},"end":{"line":53,"column":94}},"26":{"start":{"line":55,"column":3},"end":{"line":57,"column":7}},"27":{"start":{"line":56,"column":8},"end":{"line":56,"column":77}},"28":{"start":{"line":59,"column":6},"end":{"line":61,"column":7}},"29":{"start":{"line":60,"column":8},"end":{"line":60,"column":68}},"30":{"start":{"line":63,"column":6},"end":{"line":65,"column":7}},"31":{"start":{"line":64,"column":8},"end":{"line":64,"column":62}},"32":{"start":{"line":66,"column":6},"end":{"line":68,"column":7}},"33":{"start":{"line":67,"column":8},"end":{"line":67,"column":64}},"34":{"start":{"line":70,"column":6},"end":{"line":72,"column":7}},"35":{"start":{"line":71,"column":8},"end":{"line":71,"column":75}},"36":{"start":{"line":74,"column":29},"end":{"line":74,"column":60}},"37":{"start":{"line":75,"column":31},"end":{"line":75,"column":85}},"38":{"start":{"line":77,"column":22},"end":{"line":88,"column":8}},"39":{"start":{"line":90,"column":6},"end":{"line":90,"column":57}},"40":{"start":{"line":91,"column":6},"end":{"line":91,"column":58}},"41":{"start":{"line":93,"column":6},"end":{"line":97,"column":9}},"42":{"start":{"line":99,"column":6},"end":{"line":99,"column":56}},"43":{"start":{"line":100,"column":6},"end":{"line":100,"column":86}},"44":{"start":{"line":107,"column":16},"end":{"line":149,"column":1}},"45":{"start":{"line":108,"column":4},"end":{"line":148,"column":5}},"46":{"start":{"line":109,"column":65},"end":{"line":109,"column":73}},"47":{"start":{"line":111,"column":8},"end":{"line":113,"column":9}},"48":{"start":{"line":112,"column":12},"end":{"line":112,"column":82}},"49":{"start":{"line":116,"column":8},"end":{"line":118,"column":9}},"50":{"start":{"line":117,"column":12},"end":{"line":117,"column":83}},"51":{"start":{"line":119,"column":30},"end":{"line":119,"column":59}},"52":{"start":{"line":120,"column":8},"end":{"line":120,"column":93}},"53":{"start":{"line":120,"column":27},"end":{"line":120,"column":93}},"54":{"start":{"line":122,"column":30},"end":{"line":122,"column":59}},"55":{"start":{"line":123,"column":8},"end":{"line":123,"column":93}},"56":{"start":{"line":123,"column":27},"end":{"line":123,"column":93}},"57":{"start":{"line":126,"column":31},"end":{"line":126,"column":55}},"58":{"start":{"line":127,"column":31},"end":{"line":127,"column":68}},"59":{"start":{"line":128,"column":24},"end":{"line":139,"column":10}},"60":{"start":{"line":140,"column":8},"end":{"line":140,"column":29}},"61":{"start":{"line":141,"column":8},"end":{"line":145,"column":11}},"62":{"start":{"line":147,"column":8},"end":{"line":147,"column":92}},"63":{"start":{"line":153,"column":20},"end":{"line":188,"column":3}},"64":{"start":{"line":154,"column":4},"end":{"line":187,"column":5}},"65":{"start":{"line":155,"column":81},"end":{"line":155,"column":89}},"66":{"start":{"line":156,"column":8},"end":{"line":158,"column":9}},"67":{"start":{"line":157,"column":10},"end":{"line":157,"column":80}},"68":{"start":{"line":159,"column":30},"end":{"line":159,"column":59}},"69":{"start":{"line":160,"column":8},"end":{"line":160,"column":92}},"70":{"start":{"line":160,"column":27},"end":{"line":160,"column":92}},"71":{"start":{"line":161,"column":30},"end":{"line":161,"column":59}},"72":{"start":{"line":162,"column":8},"end":{"line":162,"column":92}},"73":{"start":{"line":162,"column":27},"end":{"line":162,"column":92}},"74":{"start":{"line":163,"column":8},"end":{"line":165,"column":9}},"75":{"start":{"line":164,"column":10},"end":{"line":164,"column":82}},"76":{"start":{"line":166,"column":29},"end":{"line":166,"column":60}},"77":{"start":{"line":167,"column":24},"end":{"line":175,"column":10}},"78":{"start":{"line":176,"column":6},"end":{"line":176,"column":32}},"79":{"start":{"line":177,"column":6},"end":{"line":177,"column":38}},"80":{"start":{"line":178,"column":6},"end":{"line":178,"column":37}},"81":{"start":{"line":179,"column":6},"end":{"line":179,"column":27}},"82":{"start":{"line":180,"column":8},"end":{"line":184,"column":11}},"83":{"start":{"line":186,"column":6},"end":{"line":186,"column":90}},"84":{"start":{"line":192,"column":20},"end":{"line":211,"column":3}},"85":{"start":{"line":193,"column":4},"end":{"line":210,"column":5}},"86":{"start":{"line":194,"column":30},"end":{"line":194,"column":38}},"87":{"start":{"line":195,"column":19},"end":{"line":195,"column":48}},"88":{"start":{"line":196,"column":6},"end":{"line":196,"column":75}},"89":{"start":{"line":196,"column":17},"end":{"line":196,"column":75}},"90":{"start":{"line":197,"column":6},"end":{"line":199,"column":7}},"91":{"start":{"line":198,"column":8},"end":{"line":198,"column":63}},"92":{"start":{"line":200,"column":6},"end":{"line":202,"column":7}},"93":{"start":{"line":201,"column":8},"end":{"line":201,"column":76}},"94":{"start":{"line":203,"column":6},"end":{"line":203,"column":29}},"95":{"start":{"line":204,"column":6},"end":{"line":204,"column":35}},"96":{"start":{"line":205,"column":6},"end":{"line":205,"column":34}},"97":{"start":{"line":206,"column":6},"end":{"line":206,"column":24}},"98":{"start":{"line":207,"column":6},"end":{"line":207,"column":59}},"99":{"start":{"line":209,"column":6},"end":{"line":209,"column":51}},"100":{"start":{"line":215,"column":14},"end":{"line":298,"column":1}},"101":{"start":{"line":216,"column":2},"end":{"line":297,"column":3}},"102":{"start":{"line":217,"column":38},"end":{"line":217,"column":46}},"103":{"start":{"line":218,"column":17},"end":{"line":218,"column":46}},"104":{"start":{"line":220,"column":4},"end":{"line":222,"column":5}},"105":{"start":{"line":221,"column":6},"end":{"line":221,"column":64}},"106":{"start":{"line":224,"column":4},"end":{"line":226,"column":5}},"107":{"start":{"line":225,"column":6},"end":{"line":225,"column":30}},"108":{"start":{"line":228,"column":4},"end":{"line":232,"column":5}},"109":{"start":{"line":229,"column":6},"end":{"line":229,"column":36}},"110":{"start":{"line":230,"column":6},"end":{"line":230,"column":30}},"111":{"start":{"line":231,"column":6},"end":{"line":231,"column":24}},"112":{"start":{"line":234,"column":4},"end":{"line":236,"column":5}},"113":{"start":{"line":235,"column":6},"end":{"line":235,"column":87}},"114":{"start":{"line":238,"column":28},"end":{"line":238,"column":64}},"115":{"start":{"line":239,"column":4},"end":{"line":250,"column":5}},"116":{"start":{"line":240,"column":6},"end":{"line":240,"column":31}},"117":{"start":{"line":241,"column":6},"end":{"line":241,"column":24}},"118":{"start":{"line":243,"column":4},"end":{"line":247,"column":7}},"119":{"start":{"line":244,"column":6},"end":{"line":244,"column":37}},"120":{"start":{"line":245,"column":6},"end":{"line":245,"column":24}},"121":{"start":{"line":246,"column":6},"end":{"line":246,"column":87}},"122":{"start":{"line":249,"column":6},"end":{"line":249,"column":64}},"123":{"start":{"line":252,"column":4},"end":{"line":261,"column":5}},"124":{"start":{"line":253,"column":6},"end":{"line":255,"column":7}},"125":{"start":{"line":254,"column":8},"end":{"line":254,"column":66}},"126":{"start":{"line":257,"column":26},"end":{"line":257,"column":65}},"127":{"start":{"line":258,"column":6},"end":{"line":260,"column":7}},"128":{"start":{"line":259,"column":8},"end":{"line":259,"column":65}},"129":{"start":{"line":262,"column":24},"end":{"line":266,"column":5}},"130":{"start":{"line":267,"column":25},"end":{"line":267,"column":63}},"131":{"start":{"line":268,"column":4},"end":{"line":268,"column":37}},"132":{"start":{"line":270,"column":31},"end":{"line":270,"column":66}},"133":{"start":{"line":271,"column":4},"end":{"line":271,"column":46}},"134":{"start":{"line":273,"column":35},"end":{"line":273,"column":45}},"135":{"start":{"line":274,"column":4},"end":{"line":274,"column":73}},"136":{"start":{"line":276,"column":4},"end":{"line":276,"column":43}},"137":{"start":{"line":277,"column":4},"end":{"line":277,"column":57}},"138":{"start":{"line":279,"column":16},"end":{"line":279,"column":26}},"139":{"start":{"line":280,"column":4},"end":{"line":280,"column":28}},"140":{"start":{"line":281,"column":4},"end":{"line":281,"column":22}},"141":{"start":{"line":283,"column":19},"end":{"line":283,"column":27}},"142":{"start":{"line":284,"column":17},"end":{"line":284,"column":26}},"143":{"start":{"line":285,"column":24},"end":{"line":285,"column":41}},"144":{"start":{"line":286,"column":4},"end":{"line":293,"column":7}},"145":{"start":{"line":295,"column":4},"end":{"line":295,"column":44}},"146":{"start":{"line":296,"column":4},"end":{"line":296,"column":58}},"147":{"start":{"line":302,"column":15},"end":{"line":321,"column":1}},"148":{"start":{"line":303,"column":2},"end":{"line":320,"column":3}},"149":{"start":{"line":304,"column":23},"end":{"line":304,"column":31}},"150":{"start":{"line":306,"column":4},"end":{"line":308,"column":5}},"151":{"start":{"line":307,"column":6},"end":{"line":307,"column":69}},"152":{"start":{"line":309,"column":17},"end":{"line":309,"column":44}},"153":{"start":{"line":310,"column":4},"end":{"line":312,"column":5}},"154":{"start":{"line":311,"column":6},"end":{"line":311,"column":65}},"155":{"start":{"line":313,"column":4},"end":{"line":313,"column":29}},"156":{"start":{"line":314,"column":4},"end":{"line":314,"column":39}},"157":{"start":{"line":315,"column":4},"end":{"line":315,"column":22}},"158":{"start":{"line":316,"column":4},"end":{"line":316,"column":66}},"159":{"start":{"line":318,"column":4},"end":{"line":318,"column":42}},"160":{"start":{"line":319,"column":4},"end":{"line":319,"column":61}},"161":{"start":{"line":326,"column":22},"end":{"line":339,"column":1}},"162":{"start":{"line":327,"column":2},"end":{"line":338,"column":3}},"163":{"start":{"line":328,"column":17},"end":{"line":328,"column":49}},"164":{"start":{"line":329,"column":4},"end":{"line":331,"column":5}},"165":{"start":{"line":330,"column":6},"end":{"line":330,"column":52}},"166":{"start":{"line":332,"column":18},"end":{"line":332,"column":28}},"167":{"start":{"line":333,"column":4},"end":{"line":333,"column":77}},"168":{"start":{"line":334,"column":4},"end":{"line":334,"column":36}},"169":{"start":{"line":335,"column":4},"end":{"line":335,"column":45}},"170":{"start":{"line":337,"column":4},"end":{"line":337,"column":40}},"171":{"start":{"line":343,"column":28},"end":{"line":359,"column":1}},"172":{"start":{"line":344,"column":2},"end":{"line":358,"column":3}},"173":{"start":{"line":345,"column":22},"end":{"line":345,"column":30}},"174":{"start":{"line":346,"column":17},"end":{"line":346,"column":46}},"175":{"start":{"line":347,"column":4},"end":{"line":349,"column":5}},"176":{"start":{"line":348,"column":6},"end":{"line":348,"column":52}},"177":{"start":{"line":350,"column":28},"end":{"line":350,"column":52}},"178":{"start":{"line":351,"column":27},"end":{"line":351,"column":65}},"179":{"start":{"line":352,"column":4},"end":{"line":352,"column":33}},"180":{"start":{"line":353,"column":4},"end":{"line":353,"column":22}},"181":{"start":{"line":354,"column":4},"end":{"line":354,"column":53}},"182":{"start":{"line":355,"column":4},"end":{"line":355,"column":46}},"183":{"start":{"line":357,"column":4},"end":{"line":357,"column":40}},"184":{"start":{"line":364,"column":0},"end":{"line":365,"column":53}}},"fnMap":{"0":{"name":"(anonymous_0)","decl":{"start":{"line":18,"column":15},"end":{"line":18,"column":16}},"loc":{"start":{"line":18,"column":40},"end":{"line":21,"column":3}},"line":18},"1":{"name":"(anonymous_1)","decl":{"start":{"line":22,"column":12},"end":{"line":22,"column":13}},"loc":{"start":{"line":22,"column":37},"end":{"line":24,"column":3}},"line":22},"2":{"name":"(anonymous_2)","decl":{"start":{"line":29,"column":14},"end":{"line":29,"column":15}},"loc":{"start":{"line":29,"column":33},"end":{"line":40,"column":3}},"line":29},"3":{"name":"(anonymous_3)","decl":{"start":{"line":43,"column":24},"end":{"line":43,"column":25}},"loc":{"start":{"line":43,"column":44},"end":{"line":103,"column":1}},"line":43},"4":{"name":"(anonymous_4)","decl":{"start":{"line":47,"column":15},"end":{"line":47,"column":16}},"loc":{"start":{"line":47,"column":30},"end":{"line":102,"column":3}},"line":47},"5":{"name":"(anonymous_5)","decl":{"start":{"line":107,"column":16},"end":{"line":107,"column":17}},"loc":{"start":{"line":107,"column":36},"end":{"line":149,"column":1}},"line":107},"6":{"name":"(anonymous_6)","decl":{"start":{"line":153,"column":20},"end":{"line":153,"column":21}},"loc":{"start":{"line":153,"column":40},"end":{"line":188,"column":3}},"line":153},"7":{"name":"(anonymous_7)","decl":{"start":{"line":192,"column":20},"end":{"line":192,"column":21}},"loc":{"start":{"line":192,"column":40},"end":{"line":211,"column":3}},"line":192},"8":{"name":"(anonymous_8)","decl":{"start":{"line":215,"column":14},"end":{"line":215,"column":15}},"loc":{"start":{"line":215,"column":34},"end":{"line":298,"column":1}},"line":215},"9":{"name":"(anonymous_9)","decl":{"start":{"line":302,"column":15},"end":{"line":302,"column":16}},"loc":{"start":{"line":302,"column":35},"end":{"line":321,"column":1}},"line":302},"10":{"name":"(anonymous_10)","decl":{"start":{"line":326,"column":22},"end":{"line":326,"column":23}},"loc":{"start":{"line":326,"column":42},"end":{"line":339,"column":1}},"line":326},"11":{"name":"(anonymous_11)","decl":{"start":{"line":343,"column":28},"end":{"line":343,"column":29}},"loc":{"start":{"line":343,"column":48},"end":{"line":359,"column":1}},"line":343}},"branchMap":{"0":{"loc":{"start":{"line":19,"column":19},"end":{"line":19,"column":85}},"type":"cond-expr","locations":[{"start":{"line":19,"column":45},"end":{"line":19,"column":58}},{"start":{"line":19,"column":61},"end":{"line":19,"column":85}}],"line":19},"1":{"loc":{"start":{"line":36,"column":4},"end":{"line":38,"column":5}},"type":"if","locations":[{"start":{"line":36,"column":4},"end":{"line":38,"column":5}},{"start":{},"end":{}}],"line":36},"2":{"loc":{"start":{"line":36,"column":8},"end":{"line":36,"column":76}},"type":"binary-expr","locations":[{"start":{"line":36,"column":8},"end":{"line":36,"column":33}},{"start":{"line":36,"column":37},"end":{"line":36,"column":76}}],"line":36},"3":{"loc":{"start":{"line":48,"column":4},"end":{"line":50,"column":5}},"type":"if","locations":[{"start":{"line":48,"column":4},"end":{"line":50,"column":5}},{"start":{},"end":{}}],"line":48},"4":{"loc":{"start":{"line":55,"column":3},"end":{"line":57,"column":7}},"type":"if","locations":[{"start":{"line":55,"column":3},"end":{"line":57,"column":7}},{"start":{},"end":{}}],"line":55},"5":{"loc":{"start":{"line":55,"column":7},"end":{"line":55,"column":78}},"type":"binary-expr","locations":[{"start":{"line":55,"column":7},"end":{"line":55,"column":16}},{"start":{"line":55,"column":20},"end":{"line":55,"column":26}},{"start":{"line":55,"column":30},"end":{"line":55,"column":39}},{"start":{"line":55,"column":43},"end":{"line":55,"column":47}},{"start":{"line":55,"column":51},"end":{"line":55,"column":59}},{"start":{"line":55,"column":63},"end":{"line":55,"column":68}},{"start":{"line":55,"column":72},"end":{"line":55,"column":78}}],"line":55},"6":{"loc":{"start":{"line":59,"column":6},"end":{"line":61,"column":7}},"type":"if","locations":[{"start":{"line":59,"column":6},"end":{"line":61,"column":7}},{"start":{},"end":{}}],"line":59},"7":{"loc":{"start":{"line":59,"column":10},"end":{"line":59,"column":48}},"type":"binary-expr","locations":[{"start":{"line":59,"column":10},"end":{"line":59,"column":28}},{"start":{"line":59,"column":32},"end":{"line":59,"column":48}}],"line":59},"8":{"loc":{"start":{"line":63,"column":6},"end":{"line":65,"column":7}},"type":"if","locations":[{"start":{"line":63,"column":6},"end":{"line":65,"column":7}},{"start":{},"end":{}}],"line":63},"9":{"loc":{"start":{"line":66,"column":6},"end":{"line":68,"column":7}},"type":"if","locations":[{"start":{"line":66,"column":6},"end":{"line":68,"column":7}},{"start":{},"end":{}}],"line":66},"10":{"loc":{"start":{"line":70,"column":6},"end":{"line":72,"column":7}},"type":"if","locations":[{"start":{"line":70,"column":6},"end":{"line":72,"column":7}},{"start":{},"end":{}}],"line":70},"11":{"loc":{"start":{"line":85,"column":12},"end":{"line":85,"column":60}},"type":"cond-expr","locations":[{"start":{"line":85,"column":30},"end":{"line":85,"column":53}},{"start":{"line":85,"column":56},"end":{"line":85,"column":60}}],"line":85},"12":{"loc":{"start":{"line":86,"column":22},"end":{"line":86,"column":90}},"type":"cond-expr","locations":[{"start":{"line":86,"column":50},"end":{"line":86,"column":83}},{"start":{"line":86,"column":86},"end":{"line":86,"column":90}}],"line":86},"13":{"loc":{"start":{"line":111,"column":8},"end":{"line":113,"column":9}},"type":"if","locations":[{"start":{"line":111,"column":8},"end":{"line":113,"column":9}},{"start":{},"end":{}}],"line":111},"14":{"loc":{"start":{"line":111,"column":12},"end":{"line":111,"column":69}},"type":"binary-expr","locations":[{"start":{"line":111,"column":12},"end":{"line":111,"column":21}},{"start":{"line":111,"column":25},"end":{"line":111,"column":31}},{"start":{"line":111,"column":35},"end":{"line":111,"column":41}},{"start":{"line":111,"column":45},"end":{"line":111,"column":53}},{"start":{"line":111,"column":57},"end":{"line":111,"column":62}},{"start":{"line":111,"column":65},"end":{"line":111,"column":69}}],"line":111},"15":{"loc":{"start":{"line":116,"column":8},"end":{"line":118,"column":9}},"type":"if","locations":[{"start":{"line":116,"column":8},"end":{"line":118,"column":9}},{"start":{},"end":{}}],"line":116},"16":{"loc":{"start":{"line":116,"column":12},"end":{"line":116,"column":37}},"type":"binary-expr","locations":[{"start":{"line":116,"column":12},"end":{"line":116,"column":30}},{"start":{"line":116,"column":34},"end":{"line":116,"column":37}}],"line":116},"17":{"loc":{"start":{"line":120,"column":8},"end":{"line":120,"column":93}},"type":"if","locations":[{"start":{"line":120,"column":8},"end":{"line":120,"column":93}},{"start":{},"end":{}}],"line":120},"18":{"loc":{"start":{"line":123,"column":8},"end":{"line":123,"column":93}},"type":"if","locations":[{"start":{"line":123,"column":8},"end":{"line":123,"column":93}},{"start":{},"end":{}}],"line":123},"19":{"loc":{"start":{"line":138,"column":16},"end":{"line":138,"column":51}},"type":"cond-expr","locations":[{"start":{"line":138,"column":37},"end":{"line":138,"column":39}},{"start":{"line":138,"column":42},"end":{"line":138,"column":51}}],"line":138},"20":{"loc":{"start":{"line":156,"column":8},"end":{"line":158,"column":9}},"type":"if","locations":[{"start":{"line":156,"column":8},"end":{"line":158,"column":9}},{"start":{},"end":{}}],"line":156},"21":{"loc":{"start":{"line":156,"column":12},"end":{"line":156,"column":92}},"type":"binary-expr","locations":[{"start":{"line":156,"column":12},"end":{"line":156,"column":21}},{"start":{"line":156,"column":25},"end":{"line":156,"column":31}},{"start":{"line":156,"column":35},"end":{"line":156,"column":41}},{"start":{"line":156,"column":45},"end":{"line":156,"column":54}},{"start":{"line":156,"column":58},"end":{"line":156,"column":73}},{"start":{"line":156,"column":77},"end":{"line":156,"column":85}},{"start":{"line":156,"column":88},"end":{"line":156,"column":92}}],"line":156},"22":{"loc":{"start":{"line":160,"column":8},"end":{"line":160,"column":92}},"type":"if","locations":[{"start":{"line":160,"column":8},"end":{"line":160,"column":92}},{"start":{},"end":{}}],"line":160},"23":{"loc":{"start":{"line":162,"column":8},"end":{"line":162,"column":92}},"type":"if","locations":[{"start":{"line":162,"column":8},"end":{"line":162,"column":92}},{"start":{},"end":{}}],"line":162},"24":{"loc":{"start":{"line":163,"column":8},"end":{"line":165,"column":9}},"type":"if","locations":[{"start":{"line":163,"column":8},"end":{"line":165,"column":9}},{"start":{},"end":{}}],"line":163},"25":{"loc":{"start":{"line":196,"column":6},"end":{"line":196,"column":75}},"type":"if","locations":[{"start":{"line":196,"column":6},"end":{"line":196,"column":75}},{"start":{},"end":{}}],"line":196},"26":{"loc":{"start":{"line":197,"column":6},"end":{"line":199,"column":7}},"type":"if","locations":[{"start":{"line":197,"column":6},"end":{"line":199,"column":7}},{"start":{},"end":{}}],"line":197},"27":{"loc":{"start":{"line":200,"column":6},"end":{"line":202,"column":7}},"type":"if","locations":[{"start":{"line":200,"column":6},"end":{"line":202,"column":7}},{"start":{},"end":{}}],"line":200},"28":{"loc":{"start":{"line":220,"column":4},"end":{"line":222,"column":5}},"type":"if","locations":[{"start":{"line":220,"column":4},"end":{"line":222,"column":5}},{"start":{},"end":{}}],"line":220},"29":{"loc":{"start":{"line":224,"column":4},"end":{"line":226,"column":5}},"type":"if","locations":[{"start":{"line":224,"column":4},"end":{"line":226,"column":5}},{"start":{},"end":{}}],"line":224},"30":{"loc":{"start":{"line":228,"column":4},"end":{"line":232,"column":5}},"type":"if","locations":[{"start":{"line":228,"column":4},"end":{"line":232,"column":5}},{"start":{},"end":{}}],"line":228},"31":{"loc":{"start":{"line":228,"column":8},"end":{"line":228,"column":73}},"type":"binary-expr","locations":[{"start":{"line":228,"column":8},"end":{"line":228,"column":39}},{"start":{"line":228,"column":43},"end":{"line":228,"column":73}}],"line":228},"32":{"loc":{"start":{"line":234,"column":4},"end":{"line":236,"column":5}},"type":"if","locations":[{"start":{"line":234,"column":4},"end":{"line":236,"column":5}},{"start":{},"end":{}}],"line":234},"33":{"loc":{"start":{"line":239,"column":4},"end":{"line":250,"column":5}},"type":"if","locations":[{"start":{"line":239,"column":4},"end":{"line":250,"column":5}},{"start":{},"end":{}}],"line":239},"34":{"loc":{"start":{"line":243,"column":4},"end":{"line":247,"column":7}},"type":"if","locations":[{"start":{"line":243,"column":4},"end":{"line":247,"column":7}},{"start":{},"end":{}}],"line":243},"35":{"loc":{"start":{"line":252,"column":4},"end":{"line":261,"column":5}},"type":"if","locations":[{"start":{"line":252,"column":4},"end":{"line":261,"column":5}},{"start":{},"end":{}}],"line":252},"36":{"loc":{"start":{"line":253,"column":6},"end":{"line":255,"column":7}},"type":"if","locations":[{"start":{"line":253,"column":6},"end":{"line":255,"column":7}},{"start":{},"end":{}}],"line":253},"37":{"loc":{"start":{"line":258,"column":6},"end":{"line":260,"column":7}},"type":"if","locations":[{"start":{"line":258,"column":6},"end":{"line":260,"column":7}},{"start":{},"end":{}}],"line":258},"38":{"loc":{"start":{"line":306,"column":4},"end":{"line":308,"column":5}},"type":"if","locations":[{"start":{"line":306,"column":4},"end":{"line":308,"column":5}},{"start":{},"end":{}}],"line":306},"39":{"loc":{"start":{"line":310,"column":4},"end":{"line":312,"column":5}},"type":"if","locations":[{"start":{"line":310,"column":4},"end":{"line":312,"column":5}},{"start":{},"end":{}}],"line":310},"40":{"loc":{"start":{"line":329,"column":4},"end":{"line":331,"column":5}},"type":"if","locations":[{"start":{"line":329,"column":4},"end":{"line":331,"column":5}},{"start":{},"end":{}}],"line":329},"41":{"loc":{"start":{"line":347,"column":4},"end":{"line":349,"column":5}},"type":"if","locations":[{"start":{"line":347,"column":4},"end":{"line":349,"column":5}},{"start":{},"end":{}}],"line":347}},"s":{"0":1,"1":1,"2":1,"3":1,"4":1,"5":1,"6":1,"7":1,"8":1,"9":1,"10":0,"11":0,"12":0,"13":1,"14":0,"15":0,"16":0,"17":0,"18":0,"19":0,"20":1,"21":1,"22":1,"23":0,"24":1,"25":1,"26":1,"27":1,"28":0,"29":0,"30":0,"31":0,"32":0,"33":0,"34":0,"35":0,"36":0,"37":0,"38":0,"39":0,"40":0,"41":0,"42":0,"43":0,"44":1,"45":2,"46":2,"47":2,"48":1,"49":1,"50":0,"51":1,"52":1,"53":1,"54":0,"55":0,"56":0,"57":0,"58":0,"59":0,"60":0,"61":0,"62":0,"63":1,"64":2,"65":2,"66":2,"67":1,"68":1,"69":1,"70":1,"71":0,"72":0,"73":0,"74":0,"75":0,"76":0,"77":0,"78":0,"79":0,"80":0,"81":0,"82":0,"83":0,"84":1,"85":2,"86":2,"87":2,"88":2,"89":1,"90":1,"91":0,"92":1,"93":0,"94":1,"95":1,"96":1,"97":1,"98":1,"99":0,"100":1,"101":1,"102":1,"103":1,"104":1,"105":0,"106":1,"107":0,"108":1,"109":0,"110":0,"111":0,"112":1,"113":0,"114":1,"115":1,"116":1,"117":1,"118":1,"119":0,"120":0,"121":0,"122":1,"123":0,"124":0,"125":0,"126":0,"127":0,"128":0,"129":0,"130":0,"131":0,"132":0,"133":0,"134":0,"135":0,"136":0,"137":0,"138":0,"139":0,"140":0,"141":0,"142":0,"143":0,"144":0,"145":0,"146":0,"147":1,"148":2,"149":2,"150":2,"151":1,"152":1,"153":1,"154":0,"155":1,"156":1,"157":1,"158":1,"159":0,"160":0,"161":1,"162":2,"163":2,"164":2,"165":1,"166":1,"167":1,"168":1,"169":1,"170":0,"171":1,"172":2,"173":2,"174":2,"175":2,"176":1,"177":1,"178":1,"179":1,"180":1,"181":1,"182":1,"183":0,"184":1},"f":{"0":0,"1":0,"2":0,"3":1,"4":1,"5":2,"6":2,"7":2,"8":1,"9":2,"10":2,"11":2},"b":{"0":[0,0],"1":[0,0],"2":[0,0],"3":[0,1],"4":[1,0],"5":[1,1,0,0,0,0,0],"6":[0,0],"7":[0,0],"8":[0,0],"9":[0,0],"10":[0,0],"11":[0,0],"12":[0,0],"13":[1,1],"14":[2,1,1,1,1,1],"15":[0,1],"16":[1,0],"17":[1,0],"18":[0,0],"19":[0,0],"20":[1,1],"21":[2,1,1,1,1,1,1],"22":[1,0],"23":[0,0],"24":[0,0],"25":[1,1],"26":[0,1],"27":[0,1],"28":[0,1],"29":[0,1],"30":[0,1],"31":[1,0],"32":[0,1],"33":[1,0],"34":[0,1],"35":[0,0],"36":[0,0],"37":[0,0],"38":[1,1],"39":[0,1],"40":[1,1],"41":[1,1]},"_coverageSchema":"1a1c01bbd47fc00a2c39e90264f33305004495a9","hash":"807cddc2082e5f232f046f01f9b6d858974f6b9f"}
,"C:\\Users\\sarra\\OneDrive\\Documents\\GitHub\\NLAWEJ-authentication_service\\MicroServicesBackend\\authentication-service\\src\\controllers\\UserManagement.js": {"path":"C:\\Users\\sarra\\OneDrive\\Documents\\GitHub\\NLAWEJ-authentication_service\\MicroServicesBackend\\authentication-service\\src\\controllers\\UserManagement.js","statementMap":{"0":{"start":{"line":1,"column":0},"end":{"line":1,"column":27}},"1":{"start":{"line":2,"column":30},"end":{"line":2,"column":49}},"2":{"start":{"line":3,"column":13},"end":{"line":3,"column":38}},"3":{"start":{"line":4,"column":16},"end":{"line":4,"column":44}},"4":{"start":{"line":6,"column":24},"end":{"line":13,"column":1}},"5":{"start":{"line":7,"column":2},"end":{"line":12,"column":3}},"6":{"start":{"line":8,"column":20},"end":{"line":8,"column":57}},"7":{"start":{"line":9,"column":4},"end":{"line":9,"column":22}},"8":{"start":{"line":11,"column":4},"end":{"line":11,"column":63}},"9":{"start":{"line":14,"column":23},"end":{"line":21,"column":1}},"10":{"start":{"line":15,"column":2},"end":{"line":20,"column":3}},"11":{"start":{"line":16,"column":20},"end":{"line":16,"column":56}},"12":{"start":{"line":17,"column":4},"end":{"line":17,"column":22}},"13":{"start":{"line":19,"column":4},"end":{"line":19,"column":63}},"14":{"start":{"line":22,"column":22},"end":{"line":29,"column":1}},"15":{"start":{"line":23,"column":2},"end":{"line":28,"column":3}},"16":{"start":{"line":24,"column":20},"end":{"line":24,"column":79}},"17":{"start":{"line":25,"column":4},"end":{"line":25,"column":22}},"18":{"start":{"line":27,"column":4},"end":{"line":27,"column":63}},"19":{"start":{"line":30,"column":21},"end":{"line":37,"column":1}},"20":{"start":{"line":31,"column":2},"end":{"line":36,"column":3}},"21":{"start":{"line":32,"column":19},"end":{"line":32,"column":51}},"22":{"start":{"line":33,"column":4},"end":{"line":33,"column":21}},"23":{"start":{"line":35,"column":4},"end":{"line":35,"column":62}},"24":{"start":{"line":38,"column":20},"end":{"line":46,"column":1}},"25":{"start":{"line":39,"column":2},"end":{"line":45,"column":3}},"26":{"start":{"line":40,"column":17},"end":{"line":40,"column":74}},"27":{"start":{"line":41,"column":4},"end":{"line":41,"column":72}},"28":{"start":{"line":41,"column":15},"end":{"line":41,"column":72}},"29":{"start":{"line":42,"column":4},"end":{"line":42,"column":19}},"30":{"start":{"line":44,"column":4},"end":{"line":44,"column":61}},"31":{"start":{"line":47,"column":22},"end":{"line":92,"column":1}},"32":{"start":{"line":48,"column":2},"end":{"line":91,"column":3}},"33":{"start":{"line":49,"column":4},"end":{"line":49,"column":40}},"34":{"start":{"line":50,"column":4},"end":{"line":50,"column":42}},"35":{"start":{"line":52,"column":115},"end":{"line":52,"column":123}},"36":{"start":{"line":54,"column":24},"end":{"line":54,"column":26}},"37":{"start":{"line":56,"column":4},"end":{"line":56,"column":50}},"38":{"start":{"line":56,"column":18},"end":{"line":56,"column":50}},"39":{"start":{"line":57,"column":4},"end":{"line":57,"column":47}},"40":{"start":{"line":57,"column":17},"end":{"line":57,"column":47}},"41":{"start":{"line":58,"column":4},"end":{"line":58,"column":41}},"42":{"start":{"line":58,"column":15},"end":{"line":58,"column":41}},"43":{"start":{"line":59,"column":4},"end":{"line":59,"column":91}},"44":{"start":{"line":59,"column":33},"end":{"line":59,"column":91}},"45":{"start":{"line":60,"column":4},"end":{"line":60,"column":61}},"46":{"start":{"line":60,"column":23},"end":{"line":60,"column":61}},"47":{"start":{"line":61,"column":4},"end":{"line":61,"column":56}},"48":{"start":{"line":61,"column":20},"end":{"line":61,"column":56}},"49":{"start":{"line":62,"column":4},"end":{"line":62,"column":41}},"50":{"start":{"line":62,"column":15},"end":{"line":62,"column":41}},"51":{"start":{"line":63,"column":4},"end":{"line":63,"column":35}},"52":{"start":{"line":63,"column":13},"end":{"line":63,"column":35}},"53":{"start":{"line":64,"column":4},"end":{"line":64,"column":53}},"54":{"start":{"line":64,"column":19},"end":{"line":64,"column":53}},"55":{"start":{"line":65,"column":4},"end":{"line":65,"column":62}},"56":{"start":{"line":65,"column":22},"end":{"line":65,"column":62}},"57":{"start":{"line":66,"column":4},"end":{"line":66,"column":47}},"58":{"start":{"line":66,"column":17},"end":{"line":66,"column":47}},"59":{"start":{"line":67,"column":4},"end":{"line":67,"column":44}},"60":{"start":{"line":67,"column":16},"end":{"line":67,"column":44}},"61":{"start":{"line":69,"column":4},"end":{"line":71,"column":5}},"62":{"start":{"line":70,"column":6},"end":{"line":70,"column":85}},"63":{"start":{"line":73,"column":24},"end":{"line":77,"column":5}},"64":{"start":{"line":79,"column":4},"end":{"line":81,"column":5}},"65":{"start":{"line":80,"column":6},"end":{"line":80,"column":65}},"66":{"start":{"line":83,"column":4},"end":{"line":86,"column":7}},"67":{"start":{"line":89,"column":4},"end":{"line":89,"column":35}},"68":{"start":{"line":90,"column":4},"end":{"line":90,"column":61}},"69":{"start":{"line":94,"column":30},"end":{"line":223,"column":1}},"70":{"start":{"line":95,"column":2},"end":{"line":222,"column":3}},"71":{"start":{"line":96,"column":23},"end":{"line":96,"column":33}},"72":{"start":{"line":97,"column":20},"end":{"line":97,"column":31}},"73":{"start":{"line":115,"column":8},"end":{"line":115,"column":16}},"74":{"start":{"line":117,"column":18},"end":{"line":117,"column":46}},"75":{"start":{"line":118,"column":4},"end":{"line":120,"column":5}},"76":{"start":{"line":119,"column":6},"end":{"line":119,"column":90}},"77":{"start":{"line":121,"column":17},"end":{"line":121,"column":44}},"78":{"start":{"line":122,"column":4},"end":{"line":124,"column":5}},"79":{"start":{"line":123,"column":6},"end":{"line":123,"column":60}},"80":{"start":{"line":125,"column":25},"end":{"line":129,"column":42}},"81":{"start":{"line":129,"column":22},"end":{"line":129,"column":41}},"82":{"start":{"line":131,"column":4},"end":{"line":133,"column":5}},"83":{"start":{"line":132,"column":6},"end":{"line":132,"column":78}},"84":{"start":{"line":135,"column":24},"end":{"line":135,"column":26}},"85":{"start":{"line":138,"column":4},"end":{"line":138,"column":50}},"86":{"start":{"line":138,"column":18},"end":{"line":138,"column":50}},"87":{"start":{"line":139,"column":4},"end":{"line":139,"column":47}},"88":{"start":{"line":139,"column":17},"end":{"line":139,"column":47}},"89":{"start":{"line":140,"column":4},"end":{"line":140,"column":41}},"90":{"start":{"line":140,"column":15},"end":{"line":140,"column":41}},"91":{"start":{"line":141,"column":4},"end":{"line":141,"column":41}},"92":{"start":{"line":141,"column":15},"end":{"line":141,"column":41}},"93":{"start":{"line":142,"column":4},"end":{"line":142,"column":91}},"94":{"start":{"line":142,"column":33},"end":{"line":142,"column":91}},"95":{"start":{"line":145,"column":23},"end":{"line":145,"column":50}},"96":{"start":{"line":146,"column":4},"end":{"line":148,"column":5}},"97":{"start":{"line":147,"column":6},"end":{"line":147,"column":65}},"98":{"start":{"line":150,"column":4},"end":{"line":174,"column":5}},"99":{"start":{"line":152,"column":8},"end":{"line":153,"column":64}},"100":{"start":{"line":152,"column":24},"end":{"line":153,"column":64}},"101":{"start":{"line":153,"column":54},"end":{"line":153,"column":62}},"102":{"start":{"line":154,"column":8},"end":{"line":154,"column":45}},"103":{"start":{"line":154,"column":19},"end":{"line":154,"column":45}},"104":{"start":{"line":155,"column":8},"end":{"line":155,"column":36}},"105":{"start":{"line":155,"column":16},"end":{"line":155,"column":36}},"106":{"start":{"line":156,"column":8},"end":{"line":156,"column":65}},"107":{"start":{"line":156,"column":27},"end":{"line":156,"column":65}},"108":{"start":{"line":157,"column":8},"end":{"line":157,"column":14}},"109":{"start":{"line":160,"column":8},"end":{"line":161,"column":66}},"110":{"start":{"line":160,"column":25},"end":{"line":161,"column":66}},"111":{"start":{"line":161,"column":56},"end":{"line":161,"column":64}},"112":{"start":{"line":162,"column":8},"end":{"line":171,"column":9}},"113":{"start":{"line":163,"column":32},"end":{"line":166,"column":12}},"114":{"start":{"line":167,"column":10},"end":{"line":169,"column":11}},"115":{"start":{"line":168,"column":12},"end":{"line":168,"column":88}},"116":{"start":{"line":170,"column":10},"end":{"line":170,"column":58}},"117":{"start":{"line":172,"column":8},"end":{"line":172,"column":14}},"118":{"start":{"line":177,"column":4},"end":{"line":177,"column":35}},"119":{"start":{"line":177,"column":13},"end":{"line":177,"column":35}},"120":{"start":{"line":178,"column":4},"end":{"line":178,"column":53}},"121":{"start":{"line":178,"column":19},"end":{"line":178,"column":53}},"122":{"start":{"line":179,"column":4},"end":{"line":179,"column":62}},"123":{"start":{"line":179,"column":22},"end":{"line":179,"column":62}},"124":{"start":{"line":180,"column":4},"end":{"line":180,"column":47}},"125":{"start":{"line":180,"column":17},"end":{"line":180,"column":47}},"126":{"start":{"line":181,"column":4},"end":{"line":181,"column":44}},"127":{"start":{"line":181,"column":16},"end":{"line":181,"column":44}},"128":{"start":{"line":184,"column":4},"end":{"line":184,"column":38}},"129":{"start":{"line":184,"column":14},"end":{"line":184,"column":38}},"130":{"start":{"line":185,"column":4},"end":{"line":185,"column":65}},"131":{"start":{"line":185,"column":23},"end":{"line":185,"column":65}},"132":{"start":{"line":188,"column":24},"end":{"line":196,"column":57}},"133":{"start":{"line":198,"column":4},"end":{"line":200,"column":5}},"134":{"start":{"line":199,"column":6},"end":{"line":199,"column":69}},"135":{"start":{"line":202,"column":4},"end":{"line":205,"column":7}},"136":{"start":{"line":208,"column":4},"end":{"line":208,"column":48}},"137":{"start":{"line":211,"column":4},"end":{"line":214,"column":5}},"138":{"start":{"line":212,"column":21},"end":{"line":212,"column":72}},"139":{"start":{"line":212,"column":60},"end":{"line":212,"column":71}},"140":{"start":{"line":213,"column":6},"end":{"line":213,"column":75}},"141":{"start":{"line":216,"column":4},"end":{"line":219,"column":5}},"142":{"start":{"line":217,"column":20},"end":{"line":217,"column":52}},"143":{"start":{"line":218,"column":6},"end":{"line":218,"column":74}},"144":{"start":{"line":221,"column":4},"end":{"line":221,"column":81}},"145":{"start":{"line":225,"column":24},"end":{"line":240,"column":1}},"146":{"start":{"line":226,"column":2},"end":{"line":239,"column":3}},"147":{"start":{"line":227,"column":17},"end":{"line":227,"column":49}},"148":{"start":{"line":228,"column":4},"end":{"line":230,"column":5}},"149":{"start":{"line":229,"column":6},"end":{"line":229,"column":52}},"150":{"start":{"line":231,"column":18},"end":{"line":231,"column":32}},"151":{"start":{"line":232,"column":25},"end":{"line":232,"column":54}},"152":{"start":{"line":233,"column":29},"end":{"line":233,"column":54}},"153":{"start":{"line":234,"column":4},"end":{"line":234,"column":50}},"154":{"start":{"line":235,"column":4},"end":{"line":235,"column":30}},"155":{"start":{"line":236,"column":4},"end":{"line":236,"column":51}},"156":{"start":{"line":238,"column":4},"end":{"line":238,"column":40}},"157":{"start":{"line":242,"column":19},"end":{"line":250,"column":1}},"158":{"start":{"line":243,"column":2},"end":{"line":249,"column":3}},"159":{"start":{"line":244,"column":17},"end":{"line":244,"column":60}},"160":{"start":{"line":245,"column":4},"end":{"line":245,"column":72}},"161":{"start":{"line":245,"column":15},"end":{"line":245,"column":72}},"162":{"start":{"line":246,"column":4},"end":{"line":246,"column":55}},"163":{"start":{"line":248,"column":4},"end":{"line":248,"column":59}},"164":{"start":{"line":252,"column":28},"end":{"line":263,"column":3}},"165":{"start":{"line":253,"column":4},"end":{"line":262,"column":7}},"166":{"start":{"line":254,"column":26},"end":{"line":254,"column":34}},"167":{"start":{"line":256,"column":19},"end":{"line":256,"column":66}},"168":{"start":{"line":257,"column":6},"end":{"line":257,"column":43}},"169":{"start":{"line":260,"column":8},"end":{"line":260,"column":62}},"170":{"start":{"line":261,"column":8},"end":{"line":261,"column":79}},"171":{"start":{"line":264,"column":24},"end":{"line":278,"column":3}},"172":{"start":{"line":265,"column":4},"end":{"line":277,"column":7}},"173":{"start":{"line":266,"column":26},"end":{"line":266,"column":34}},"174":{"start":{"line":267,"column":23},"end":{"line":267,"column":67}},"175":{"start":{"line":268,"column":6},"end":{"line":271,"column":7}},"176":{"start":{"line":269,"column":8},"end":{"line":269,"column":45}},"177":{"start":{"line":272,"column":6},"end":{"line":272,"column":43}},"178":{"start":{"line":275,"column":8},"end":{"line":275,"column":62}},"179":{"start":{"line":276,"column":8},"end":{"line":276,"column":79}},"180":{"start":{"line":279,"column":26},"end":{"line":290,"column":3}},"181":{"start":{"line":280,"column":4},"end":{"line":289,"column":7}},"182":{"start":{"line":281,"column":26},"end":{"line":281,"column":34}},"183":{"start":{"line":283,"column":19},"end":{"line":283,"column":65}},"184":{"start":{"line":284,"column":6},"end":{"line":284,"column":43}},"185":{"start":{"line":287,"column":8},"end":{"line":287,"column":62}},"186":{"start":{"line":288,"column":8},"end":{"line":288,"column":79}},"187":{"start":{"line":291,"column":25},"end":{"line":302,"column":3}},"188":{"start":{"line":292,"column":4},"end":{"line":301,"column":7}},"189":{"start":{"line":293,"column":25},"end":{"line":293,"column":33}},"190":{"start":{"line":295,"column":19},"end":{"line":295,"column":63}},"191":{"start":{"line":296,"column":6},"end":{"line":296,"column":43}},"192":{"start":{"line":299,"column":8},"end":{"line":299,"column":62}},"193":{"start":{"line":300,"column":8},"end":{"line":300,"column":79}},"194":{"start":{"line":303,"column":27},"end":{"line":314,"column":3}},"195":{"start":{"line":304,"column":4},"end":{"line":313,"column":7}},"196":{"start":{"line":305,"column":27},"end":{"line":305,"column":35}},"197":{"start":{"line":307,"column":19},"end":{"line":307,"column":66}},"198":{"start":{"line":308,"column":6},"end":{"line":308,"column":43}},"199":{"start":{"line":311,"column":8},"end":{"line":311,"column":62}},"200":{"start":{"line":312,"column":8},"end":{"line":312,"column":79}},"201":{"start":{"line":315,"column":28},"end":{"line":326,"column":3}},"202":{"start":{"line":316,"column":4},"end":{"line":325,"column":7}},"203":{"start":{"line":317,"column":25},"end":{"line":317,"column":33}},"204":{"start":{"line":319,"column":19},"end":{"line":319,"column":67}},"205":{"start":{"line":320,"column":6},"end":{"line":320,"column":43}},"206":{"start":{"line":323,"column":8},"end":{"line":323,"column":62}},"207":{"start":{"line":324,"column":8},"end":{"line":324,"column":79}},"208":{"start":{"line":327,"column":30},"end":{"line":338,"column":3}},"209":{"start":{"line":328,"column":4},"end":{"line":337,"column":7}},"210":{"start":{"line":329,"column":27},"end":{"line":329,"column":35}},"211":{"start":{"line":331,"column":19},"end":{"line":331,"column":69}},"212":{"start":{"line":332,"column":6},"end":{"line":332,"column":43}},"213":{"start":{"line":335,"column":8},"end":{"line":335,"column":62}},"214":{"start":{"line":336,"column":8},"end":{"line":336,"column":79}},"215":{"start":{"line":340,"column":27},"end":{"line":351,"column":3}},"216":{"start":{"line":341,"column":4},"end":{"line":350,"column":7}},"217":{"start":{"line":342,"column":25},"end":{"line":342,"column":33}},"218":{"start":{"line":344,"column":19},"end":{"line":344,"column":66}},"219":{"start":{"line":345,"column":6},"end":{"line":345,"column":43}},"220":{"start":{"line":348,"column":8},"end":{"line":348,"column":62}},"221":{"start":{"line":349,"column":8},"end":{"line":349,"column":79}},"222":{"start":{"line":352,"column":29},"end":{"line":363,"column":3}},"223":{"start":{"line":353,"column":4},"end":{"line":362,"column":7}},"224":{"start":{"line":354,"column":27},"end":{"line":354,"column":35}},"225":{"start":{"line":356,"column":19},"end":{"line":356,"column":68}},"226":{"start":{"line":357,"column":6},"end":{"line":357,"column":43}},"227":{"start":{"line":360,"column":8},"end":{"line":360,"column":62}},"228":{"start":{"line":361,"column":8},"end":{"line":361,"column":79}},"229":{"start":{"line":364,"column":24},"end":{"line":375,"column":3}},"230":{"start":{"line":365,"column":4},"end":{"line":374,"column":7}},"231":{"start":{"line":366,"column":25},"end":{"line":366,"column":33}},"232":{"start":{"line":368,"column":19},"end":{"line":368,"column":48}},"233":{"start":{"line":369,"column":6},"end":{"line":369,"column":43}},"234":{"start":{"line":372,"column":8},"end":{"line":372,"column":62}},"235":{"start":{"line":373,"column":8},"end":{"line":373,"column":79}},"236":{"start":{"line":376,"column":26},"end":{"line":387,"column":3}},"237":{"start":{"line":377,"column":4},"end":{"line":386,"column":7}},"238":{"start":{"line":378,"column":27},"end":{"line":378,"column":35}},"239":{"start":{"line":380,"column":19},"end":{"line":380,"column":50}},"240":{"start":{"line":381,"column":6},"end":{"line":381,"column":43}},"241":{"start":{"line":384,"column":8},"end":{"line":384,"column":62}},"242":{"start":{"line":385,"column":8},"end":{"line":385,"column":79}},"243":{"start":{"line":388,"column":23},"end":{"line":399,"column":3}},"244":{"start":{"line":389,"column":4},"end":{"line":398,"column":7}},"245":{"start":{"line":390,"column":24},"end":{"line":390,"column":32}},"246":{"start":{"line":392,"column":20},"end":{"line":392,"column":45}},"247":{"start":{"line":393,"column":6},"end":{"line":393,"column":44}},"248":{"start":{"line":396,"column":8},"end":{"line":396,"column":62}},"249":{"start":{"line":397,"column":8},"end":{"line":397,"column":79}},"250":{"start":{"line":400,"column":33},"end":{"line":411,"column":3}},"251":{"start":{"line":401,"column":4},"end":{"line":410,"column":7}},"252":{"start":{"line":402,"column":30},"end":{"line":402,"column":38}},"253":{"start":{"line":404,"column":19},"end":{"line":404,"column":67}},"254":{"start":{"line":405,"column":6},"end":{"line":405,"column":43}},"255":{"start":{"line":408,"column":8},"end":{"line":408,"column":62}},"256":{"start":{"line":409,"column":8},"end":{"line":409,"column":79}},"257":{"start":{"line":412,"column":32},"end":{"line":431,"column":1}},"258":{"start":{"line":413,"column":2},"end":{"line":430,"column":3}},"259":{"start":{"line":414,"column":27},"end":{"line":414,"column":37}},"260":{"start":{"line":416,"column":4},"end":{"line":418,"column":5}},"261":{"start":{"line":417,"column":6},"end":{"line":417,"column":69}},"262":{"start":{"line":420,"column":21},"end":{"line":420,"column":64}},"263":{"start":{"line":422,"column":4},"end":{"line":424,"column":5}},"264":{"start":{"line":423,"column":6},"end":{"line":423,"column":93}},"265":{"start":{"line":426,"column":4},"end":{"line":426,"column":35}},"266":{"start":{"line":428,"column":4},"end":{"line":428,"column":65}},"267":{"start":{"line":429,"column":4},"end":{"line":429,"column":56}},"268":{"start":{"line":432,"column":30},"end":{"line":446,"column":1}},"269":{"start":{"line":433,"column":4},"end":{"line":445,"column":7}},"270":{"start":{"line":434,"column":46},"end":{"line":434,"column":54}},"271":{"start":{"line":436,"column":19},"end":{"line":439,"column":26}},"272":{"start":{"line":440,"column":6},"end":{"line":440,"column":43}},"273":{"start":{"line":443,"column":8},"end":{"line":443,"column":62}},"274":{"start":{"line":444,"column":8},"end":{"line":444,"column":79}},"275":{"start":{"line":448,"column":27},"end":{"line":483,"column":1}},"276":{"start":{"line":449,"column":2},"end":{"line":482,"column":3}},"277":{"start":{"line":450,"column":25},"end":{"line":450,"column":35}},"278":{"start":{"line":451,"column":25},"end":{"line":451,"column":33}},"279":{"start":{"line":452,"column":17},"end":{"line":452,"column":48}},"280":{"start":{"line":453,"column":4},"end":{"line":455,"column":5}},"281":{"start":{"line":454,"column":6},"end":{"line":454,"column":65}},"282":{"start":{"line":456,"column":8},"end":{"line":458,"column":5}},"283":{"start":{"line":457,"column":6},"end":{"line":457,"column":101}},"284":{"start":{"line":460,"column":20},"end":{"line":460,"column":50}},"285":{"start":{"line":461,"column":4},"end":{"line":463,"column":5}},"286":{"start":{"line":462,"column":6},"end":{"line":462,"column":96}},"287":{"start":{"line":465,"column":4},"end":{"line":467,"column":5}},"288":{"start":{"line":466,"column":6},"end":{"line":466,"column":97}},"289":{"start":{"line":469,"column":4},"end":{"line":469,"column":42}},"290":{"start":{"line":470,"column":4},"end":{"line":470,"column":22}},"291":{"start":{"line":472,"column":4},"end":{"line":475,"column":7}},"292":{"start":{"line":477,"column":4},"end":{"line":477,"column":65}},"293":{"start":{"line":478,"column":4},"end":{"line":481,"column":7}},"294":{"start":{"line":485,"column":30},"end":{"line":506,"column":1}},"295":{"start":{"line":486,"column":4},"end":{"line":505,"column":5}},"296":{"start":{"line":487,"column":40},"end":{"line":487,"column":48}},"297":{"start":{"line":489,"column":23},"end":{"line":489,"column":54}},"298":{"start":{"line":490,"column":6},"end":{"line":492,"column":7}},"299":{"start":{"line":491,"column":8},"end":{"line":491,"column":92}},"300":{"start":{"line":494,"column":20},"end":{"line":494,"column":64}},"301":{"start":{"line":495,"column":6},"end":{"line":497,"column":7}},"302":{"start":{"line":496,"column":8},"end":{"line":496,"column":100}},"303":{"start":{"line":499,"column":6},"end":{"line":499,"column":49}},"304":{"start":{"line":500,"column":6},"end":{"line":500,"column":58}},"305":{"start":{"line":502,"column":6},"end":{"line":502,"column":117}},"306":{"start":{"line":504,"column":6},"end":{"line":504,"column":105}},"307":{"start":{"line":507,"column":28},"end":{"line":538,"column":1}},"308":{"start":{"line":508,"column":4},"end":{"line":537,"column":5}},"309":{"start":{"line":509,"column":29},"end":{"line":509,"column":39}},"310":{"start":{"line":511,"column":6},"end":{"line":513,"column":7}},"311":{"start":{"line":512,"column":8},"end":{"line":512,"column":64}},"312":{"start":{"line":516,"column":23},"end":{"line":519,"column":10}},"313":{"start":{"line":521,"column":6},"end":{"line":525,"column":7}},"314":{"start":{"line":522,"column":8},"end":{"line":524,"column":11}},"315":{"start":{"line":527,"column":6},"end":{"line":530,"column":9}},"316":{"start":{"line":532,"column":6},"end":{"line":532,"column":38}},"317":{"start":{"line":533,"column":6},"end":{"line":536,"column":9}},"318":{"start":{"line":539,"column":0},"end":{"line":546,"column":32}}},"fnMap":{"0":{"name":"(anonymous_0)","decl":{"start":{"line":6,"column":24},"end":{"line":6,"column":25}},"loc":{"start":{"line":6,"column":44},"end":{"line":13,"column":1}},"line":6},"1":{"name":"(anonymous_1)","decl":{"start":{"line":14,"column":23},"end":{"line":14,"column":24}},"loc":{"start":{"line":14,"column":43},"end":{"line":21,"column":1}},"line":14},"2":{"name":"(anonymous_2)","decl":{"start":{"line":22,"column":22},"end":{"line":22,"column":23}},"loc":{"start":{"line":22,"column":42},"end":{"line":29,"column":1}},"line":22},"3":{"name":"(anonymous_3)","decl":{"start":{"line":30,"column":21},"end":{"line":30,"column":22}},"loc":{"start":{"line":30,"column":41},"end":{"line":37,"column":1}},"line":30},"4":{"name":"(anonymous_4)","decl":{"start":{"line":38,"column":20},"end":{"line":38,"column":21}},"loc":{"start":{"line":38,"column":40},"end":{"line":46,"column":1}},"line":38},"5":{"name":"(anonymous_5)","decl":{"start":{"line":47,"column":22},"end":{"line":47,"column":23}},"loc":{"start":{"line":47,"column":42},"end":{"line":92,"column":1}},"line":47},"6":{"name":"(anonymous_6)","decl":{"start":{"line":94,"column":30},"end":{"line":94,"column":31}},"loc":{"start":{"line":94,"column":50},"end":{"line":223,"column":1}},"line":94},"7":{"name":"(anonymous_7)","decl":{"start":{"line":129,"column":13},"end":{"line":129,"column":14}},"loc":{"start":{"line":129,"column":22},"end":{"line":129,"column":41}},"line":129},"8":{"name":"(anonymous_8)","decl":{"start":{"line":153,"column":49},"end":{"line":153,"column":50}},"loc":{"start":{"line":153,"column":54},"end":{"line":153,"column":62}},"line":153},"9":{"name":"(anonymous_9)","decl":{"start":{"line":161,"column":51},"end":{"line":161,"column":52}},"loc":{"start":{"line":161,"column":56},"end":{"line":161,"column":64}},"line":161},"10":{"name":"(anonymous_10)","decl":{"start":{"line":212,"column":53},"end":{"line":212,"column":54}},"loc":{"start":{"line":212,"column":60},"end":{"line":212,"column":71}},"line":212},"11":{"name":"(anonymous_11)","decl":{"start":{"line":225,"column":24},"end":{"line":225,"column":25}},"loc":{"start":{"line":225,"column":44},"end":{"line":240,"column":1}},"line":225},"12":{"name":"(anonymous_12)","decl":{"start":{"line":242,"column":19},"end":{"line":242,"column":20}},"loc":{"start":{"line":242,"column":39},"end":{"line":250,"column":1}},"line":242},"13":{"name":"(anonymous_13)","decl":{"start":{"line":252,"column":28},"end":{"line":252,"column":29}},"loc":{"start":{"line":252,"column":48},"end":{"line":263,"column":3}},"line":252},"14":{"name":"(anonymous_14)","decl":{"start":{"line":264,"column":24},"end":{"line":264,"column":25}},"loc":{"start":{"line":264,"column":44},"end":{"line":278,"column":3}},"line":264},"15":{"name":"(anonymous_15)","decl":{"start":{"line":279,"column":26},"end":{"line":279,"column":27}},"loc":{"start":{"line":279,"column":46},"end":{"line":290,"column":3}},"line":279},"16":{"name":"(anonymous_16)","decl":{"start":{"line":291,"column":25},"end":{"line":291,"column":26}},"loc":{"start":{"line":291,"column":45},"end":{"line":302,"column":3}},"line":291},"17":{"name":"(anonymous_17)","decl":{"start":{"line":303,"column":27},"end":{"line":303,"column":28}},"loc":{"start":{"line":303,"column":47},"end":{"line":314,"column":3}},"line":303},"18":{"name":"(anonymous_18)","decl":{"start":{"line":315,"column":28},"end":{"line":315,"column":29}},"loc":{"start":{"line":315,"column":48},"end":{"line":326,"column":3}},"line":315},"19":{"name":"(anonymous_19)","decl":{"start":{"line":327,"column":30},"end":{"line":327,"column":31}},"loc":{"start":{"line":327,"column":50},"end":{"line":338,"column":3}},"line":327},"20":{"name":"(anonymous_20)","decl":{"start":{"line":340,"column":27},"end":{"line":340,"column":28}},"loc":{"start":{"line":340,"column":47},"end":{"line":351,"column":3}},"line":340},"21":{"name":"(anonymous_21)","decl":{"start":{"line":352,"column":29},"end":{"line":352,"column":30}},"loc":{"start":{"line":352,"column":49},"end":{"line":363,"column":3}},"line":352},"22":{"name":"(anonymous_22)","decl":{"start":{"line":364,"column":24},"end":{"line":364,"column":25}},"loc":{"start":{"line":364,"column":44},"end":{"line":375,"column":3}},"line":364},"23":{"name":"(anonymous_23)","decl":{"start":{"line":376,"column":26},"end":{"line":376,"column":27}},"loc":{"start":{"line":376,"column":46},"end":{"line":387,"column":3}},"line":376},"24":{"name":"(anonymous_24)","decl":{"start":{"line":388,"column":23},"end":{"line":388,"column":24}},"loc":{"start":{"line":388,"column":43},"end":{"line":399,"column":3}},"line":388},"25":{"name":"(anonymous_25)","decl":{"start":{"line":400,"column":33},"end":{"line":400,"column":34}},"loc":{"start":{"line":400,"column":53},"end":{"line":411,"column":3}},"line":400},"26":{"name":"(anonymous_26)","decl":{"start":{"line":412,"column":32},"end":{"line":412,"column":33}},"loc":{"start":{"line":412,"column":52},"end":{"line":431,"column":1}},"line":412},"27":{"name":"(anonymous_27)","decl":{"start":{"line":432,"column":30},"end":{"line":432,"column":31}},"loc":{"start":{"line":432,"column":50},"end":{"line":446,"column":1}},"line":432},"28":{"name":"(anonymous_28)","decl":{"start":{"line":448,"column":27},"end":{"line":448,"column":28}},"loc":{"start":{"line":448,"column":47},"end":{"line":483,"column":1}},"line":448},"29":{"name":"(anonymous_29)","decl":{"start":{"line":485,"column":30},"end":{"line":485,"column":31}},"loc":{"start":{"line":485,"column":50},"end":{"line":506,"column":1}},"line":485},"30":{"name":"(anonymous_30)","decl":{"start":{"line":507,"column":28},"end":{"line":507,"column":29}},"loc":{"start":{"line":507,"column":48},"end":{"line":538,"column":1}},"line":507}},"branchMap":{"0":{"loc":{"start":{"line":41,"column":4},"end":{"line":41,"column":72}},"type":"if","locations":[{"start":{"line":41,"column":4},"end":{"line":41,"column":72}},{"start":{},"end":{}}],"line":41},"1":{"loc":{"start":{"line":56,"column":4},"end":{"line":56,"column":50}},"type":"if","locations":[{"start":{"line":56,"column":4},"end":{"line":56,"column":50}},{"start":{},"end":{}}],"line":56},"2":{"loc":{"start":{"line":57,"column":4},"end":{"line":57,"column":47}},"type":"if","locations":[{"start":{"line":57,"column":4},"end":{"line":57,"column":47}},{"start":{},"end":{}}],"line":57},"3":{"loc":{"start":{"line":58,"column":4},"end":{"line":58,"column":41}},"type":"if","locations":[{"start":{"line":58,"column":4},"end":{"line":58,"column":41}},{"start":{},"end":{}}],"line":58},"4":{"loc":{"start":{"line":59,"column":4},"end":{"line":59,"column":91}},"type":"if","locations":[{"start":{"line":59,"column":4},"end":{"line":59,"column":91}},{"start":{},"end":{}}],"line":59},"5":{"loc":{"start":{"line":60,"column":4},"end":{"line":60,"column":61}},"type":"if","locations":[{"start":{"line":60,"column":4},"end":{"line":60,"column":61}},{"start":{},"end":{}}],"line":60},"6":{"loc":{"start":{"line":61,"column":4},"end":{"line":61,"column":56}},"type":"if","locations":[{"start":{"line":61,"column":4},"end":{"line":61,"column":56}},{"start":{},"end":{}}],"line":61},"7":{"loc":{"start":{"line":62,"column":4},"end":{"line":62,"column":41}},"type":"if","locations":[{"start":{"line":62,"column":4},"end":{"line":62,"column":41}},{"start":{},"end":{}}],"line":62},"8":{"loc":{"start":{"line":63,"column":4},"end":{"line":63,"column":35}},"type":"if","locations":[{"start":{"line":63,"column":4},"end":{"line":63,"column":35}},{"start":{},"end":{}}],"line":63},"9":{"loc":{"start":{"line":64,"column":4},"end":{"line":64,"column":53}},"type":"if","locations":[{"start":{"line":64,"column":4},"end":{"line":64,"column":53}},{"start":{},"end":{}}],"line":64},"10":{"loc":{"start":{"line":65,"column":4},"end":{"line":65,"column":62}},"type":"if","locations":[{"start":{"line":65,"column":4},"end":{"line":65,"column":62}},{"start":{},"end":{}}],"line":65},"11":{"loc":{"start":{"line":66,"column":4},"end":{"line":66,"column":47}},"type":"if","locations":[{"start":{"line":66,"column":4},"end":{"line":66,"column":47}},{"start":{},"end":{}}],"line":66},"12":{"loc":{"start":{"line":67,"column":4},"end":{"line":67,"column":44}},"type":"if","locations":[{"start":{"line":67,"column":4},"end":{"line":67,"column":44}},{"start":{},"end":{}}],"line":67},"13":{"loc":{"start":{"line":69,"column":4},"end":{"line":71,"column":5}},"type":"if","locations":[{"start":{"line":69,"column":4},"end":{"line":71,"column":5}},{"start":{},"end":{}}],"line":69},"14":{"loc":{"start":{"line":79,"column":4},"end":{"line":81,"column":5}},"type":"if","locations":[{"start":{"line":79,"column":4},"end":{"line":81,"column":5}},{"start":{},"end":{}}],"line":79},"15":{"loc":{"start":{"line":118,"column":4},"end":{"line":120,"column":5}},"type":"if","locations":[{"start":{"line":118,"column":4},"end":{"line":120,"column":5}},{"start":{},"end":{}}],"line":118},"16":{"loc":{"start":{"line":118,"column":8},"end":{"line":118,"column":40}},"type":"binary-expr","locations":[{"start":{"line":118,"column":8},"end":{"line":118,"column":14}},{"start":{"line":118,"column":18},"end":{"line":118,"column":40}}],"line":118},"17":{"loc":{"start":{"line":122,"column":4},"end":{"line":124,"column":5}},"type":"if","locations":[{"start":{"line":122,"column":4},"end":{"line":124,"column":5}},{"start":{},"end":{}}],"line":122},"18":{"loc":{"start":{"line":131,"column":4},"end":{"line":133,"column":5}},"type":"if","locations":[{"start":{"line":131,"column":4},"end":{"line":133,"column":5}},{"start":{},"end":{}}],"line":131},"19":{"loc":{"start":{"line":138,"column":4},"end":{"line":138,"column":50}},"type":"if","locations":[{"start":{"line":138,"column":4},"end":{"line":138,"column":50}},{"start":{},"end":{}}],"line":138},"20":{"loc":{"start":{"line":139,"column":4},"end":{"line":139,"column":47}},"type":"if","locations":[{"start":{"line":139,"column":4},"end":{"line":139,"column":47}},{"start":{},"end":{}}],"line":139},"21":{"loc":{"start":{"line":140,"column":4},"end":{"line":140,"column":41}},"type":"if","locations":[{"start":{"line":140,"column":4},"end":{"line":140,"column":41}},{"start":{},"end":{}}],"line":140},"22":{"loc":{"start":{"line":141,"column":4},"end":{"line":141,"column":41}},"type":"if","locations":[{"start":{"line":141,"column":4},"end":{"line":141,"column":41}},{"start":{},"end":{}}],"line":141},"23":{"loc":{"start":{"line":142,"column":4},"end":{"line":142,"column":91}},"type":"if","locations":[{"start":{"line":142,"column":4},"end":{"line":142,"column":91}},{"start":{},"end":{}}],"line":142},"24":{"loc":{"start":{"line":146,"column":4},"end":{"line":148,"column":5}},"type":"if","locations":[{"start":{"line":146,"column":4},"end":{"line":148,"column":5}},{"start":{},"end":{}}],"line":146},"25":{"loc":{"start":{"line":150,"column":4},"end":{"line":174,"column":5}},"type":"switch","locations":[{"start":{"line":151,"column":6},"end":{"line":157,"column":14}},{"start":{"line":159,"column":6},"end":{"line":172,"column":14}}],"line":150},"26":{"loc":{"start":{"line":152,"column":8},"end":{"line":153,"column":64}},"type":"if","locations":[{"start":{"line":152,"column":8},"end":{"line":153,"column":64}},{"start":{},"end":{}}],"line":152},"27":{"loc":{"start":{"line":152,"column":49},"end":{"line":153,"column":63}},"type":"cond-expr","locations":[{"start":{"line":153,"column":10},"end":{"line":153,"column":20}},{"start":{"line":153,"column":23},"end":{"line":153,"column":63}}],"line":152},"28":{"loc":{"start":{"line":154,"column":8},"end":{"line":154,"column":45}},"type":"if","locations":[{"start":{"line":154,"column":8},"end":{"line":154,"column":45}},{"start":{},"end":{}}],"line":154},"29":{"loc":{"start":{"line":155,"column":8},"end":{"line":155,"column":36}},"type":"if","locations":[{"start":{"line":155,"column":8},"end":{"line":155,"column":36}},{"start":{},"end":{}}],"line":155},"30":{"loc":{"start":{"line":156,"column":8},"end":{"line":156,"column":65}},"type":"if","locations":[{"start":{"line":156,"column":8},"end":{"line":156,"column":65}},{"start":{},"end":{}}],"line":156},"31":{"loc":{"start":{"line":160,"column":8},"end":{"line":161,"column":66}},"type":"if","locations":[{"start":{"line":160,"column":8},"end":{"line":161,"column":66}},{"start":{},"end":{}}],"line":160},"32":{"loc":{"start":{"line":160,"column":51},"end":{"line":161,"column":65}},"type":"cond-expr","locations":[{"start":{"line":161,"column":10},"end":{"line":161,"column":21}},{"start":{"line":161,"column":24},"end":{"line":161,"column":65}}],"line":160},"33":{"loc":{"start":{"line":162,"column":8},"end":{"line":171,"column":9}},"type":"if","locations":[{"start":{"line":162,"column":8},"end":{"line":171,"column":9}},{"start":{},"end":{}}],"line":162},"34":{"loc":{"start":{"line":167,"column":10},"end":{"line":169,"column":11}},"type":"if","locations":[{"start":{"line":167,"column":10},"end":{"line":169,"column":11}},{"start":{},"end":{}}],"line":167},"35":{"loc":{"start":{"line":177,"column":4},"end":{"line":177,"column":35}},"type":"if","locations":[{"start":{"line":177,"column":4},"end":{"line":177,"column":35}},{"start":{},"end":{}}],"line":177},"36":{"loc":{"start":{"line":178,"column":4},"end":{"line":178,"column":53}},"type":"if","locations":[{"start":{"line":178,"column":4},"end":{"line":178,"column":53}},{"start":{},"end":{}}],"line":178},"37":{"loc":{"start":{"line":179,"column":4},"end":{"line":179,"column":62}},"type":"if","locations":[{"start":{"line":179,"column":4},"end":{"line":179,"column":62}},{"start":{},"end":{}}],"line":179},"38":{"loc":{"start":{"line":180,"column":4},"end":{"line":180,"column":47}},"type":"if","locations":[{"start":{"line":180,"column":4},"end":{"line":180,"column":47}},{"start":{},"end":{}}],"line":180},"39":{"loc":{"start":{"line":181,"column":4},"end":{"line":181,"column":44}},"type":"if","locations":[{"start":{"line":181,"column":4},"end":{"line":181,"column":44}},{"start":{},"end":{}}],"line":181},"40":{"loc":{"start":{"line":184,"column":4},"end":{"line":184,"column":38}},"type":"if","locations":[{"start":{"line":184,"column":4},"end":{"line":184,"column":38}},{"start":{},"end":{}}],"line":184},"41":{"loc":{"start":{"line":185,"column":4},"end":{"line":185,"column":65}},"type":"if","locations":[{"start":{"line":185,"column":4},"end":{"line":185,"column":65}},{"start":{},"end":{}}],"line":185},"42":{"loc":{"start":{"line":198,"column":4},"end":{"line":200,"column":5}},"type":"if","locations":[{"start":{"line":198,"column":4},"end":{"line":200,"column":5}},{"start":{},"end":{}}],"line":198},"43":{"loc":{"start":{"line":211,"column":4},"end":{"line":214,"column":5}},"type":"if","locations":[{"start":{"line":211,"column":4},"end":{"line":214,"column":5}},{"start":{},"end":{}}],"line":211},"44":{"loc":{"start":{"line":216,"column":4},"end":{"line":219,"column":5}},"type":"if","locations":[{"start":{"line":216,"column":4},"end":{"line":219,"column":5}},{"start":{},"end":{}}],"line":216},"45":{"loc":{"start":{"line":228,"column":4},"end":{"line":230,"column":5}},"type":"if","locations":[{"start":{"line":228,"column":4},"end":{"line":230,"column":5}},{"start":{},"end":{}}],"line":228},"46":{"loc":{"start":{"line":245,"column":4},"end":{"line":245,"column":72}},"type":"if","locations":[{"start":{"line":245,"column":4},"end":{"line":245,"column":72}},{"start":{},"end":{}}],"line":245},"47":{"loc":{"start":{"line":268,"column":6},"end":{"line":271,"column":7}},"type":"if","locations":[{"start":{"line":268,"column":6},"end":{"line":271,"column":7}},{"start":{},"end":{}}],"line":268},"48":{"loc":{"start":{"line":416,"column":4},"end":{"line":418,"column":5}},"type":"if","locations":[{"start":{"line":416,"column":4},"end":{"line":418,"column":5}},{"start":{},"end":{}}],"line":416},"49":{"loc":{"start":{"line":422,"column":4},"end":{"line":424,"column":5}},"type":"if","locations":[{"start":{"line":422,"column":4},"end":{"line":424,"column":5}},{"start":{},"end":{}}],"line":422},"50":{"loc":{"start":{"line":453,"column":4},"end":{"line":455,"column":5}},"type":"if","locations":[{"start":{"line":453,"column":4},"end":{"line":455,"column":5}},{"start":{},"end":{}}],"line":453},"51":{"loc":{"start":{"line":456,"column":8},"end":{"line":458,"column":5}},"type":"if","locations":[{"start":{"line":456,"column":8},"end":{"line":458,"column":5}},{"start":{},"end":{}}],"line":456},"52":{"loc":{"start":{"line":461,"column":4},"end":{"line":463,"column":5}},"type":"if","locations":[{"start":{"line":461,"column":4},"end":{"line":463,"column":5}},{"start":{},"end":{}}],"line":461},"53":{"loc":{"start":{"line":461,"column":8},"end":{"line":461,"column":46}},"type":"binary-expr","locations":[{"start":{"line":461,"column":8},"end":{"line":461,"column":16}},{"start":{"line":461,"column":20},"end":{"line":461,"column":46}}],"line":461},"54":{"loc":{"start":{"line":465,"column":4},"end":{"line":467,"column":5}},"type":"if","locations":[{"start":{"line":465,"column":4},"end":{"line":467,"column":5}},{"start":{},"end":{}}],"line":465},"55":{"loc":{"start":{"line":480,"column":13},"end":{"line":480,"column":35}},"type":"binary-expr","locations":[{"start":{"line":480,"column":13},"end":{"line":480,"column":26}},{"start":{"line":480,"column":30},"end":{"line":480,"column":35}}],"line":480},"56":{"loc":{"start":{"line":490,"column":6},"end":{"line":492,"column":7}},"type":"if","locations":[{"start":{"line":490,"column":6},"end":{"line":492,"column":7}},{"start":{},"end":{}}],"line":490},"57":{"loc":{"start":{"line":490,"column":10},"end":{"line":490,"column":51}},"type":"binary-expr","locations":[{"start":{"line":490,"column":10},"end":{"line":490,"column":19}},{"start":{"line":490,"column":23},"end":{"line":490,"column":51}}],"line":490},"58":{"loc":{"start":{"line":495,"column":6},"end":{"line":497,"column":7}},"type":"if","locations":[{"start":{"line":495,"column":6},"end":{"line":497,"column":7}},{"start":{},"end":{}}],"line":495},"59":{"loc":{"start":{"line":511,"column":6},"end":{"line":513,"column":7}},"type":"if","locations":[{"start":{"line":511,"column":6},"end":{"line":513,"column":7}},{"start":{},"end":{}}],"line":511},"60":{"loc":{"start":{"line":521,"column":6},"end":{"line":525,"column":7}},"type":"if","locations":[{"start":{"line":521,"column":6},"end":{"line":525,"column":7}},{"start":{},"end":{}}],"line":521},"61":{"loc":{"start":{"line":528,"column":26},"end":{"line":528,"column":57}},"type":"binary-expr","locations":[{"start":{"line":528,"column":26},"end":{"line":528,"column":51}},{"start":{"line":528,"column":55},"end":{"line":528,"column":57}}],"line":528},"62":{"loc":{"start":{"line":529,"column":15},"end":{"line":529,"column":53}},"type":"binary-expr","locations":[{"start":{"line":529,"column":15},"end":{"line":529,"column":48}},{"start":{"line":529,"column":52},"end":{"line":529,"column":53}}],"line":529}},"s":{"0":1,"1":1,"2":1,"3":1,"4":1,"5":0,"6":0,"7":0,"8":0,"9":1,"10":0,"11":0,"12":0,"13":0,"14":1,"15":1,"16":1,"17":1,"18":0,"19":1,"20":0,"21":0,"22":0,"23":0,"24":1,"25":0,"26":0,"27":0,"28":0,"29":0,"30":0,"31":1,"32":0,"33":0,"34":0,"35":0,"36":0,"37":0,"38":0,"39":0,"40":0,"41":0,"42":0,"43":0,"44":0,"45":0,"46":0,"47":0,"48":0,"49":0,"50":0,"51":0,"52":0,"53":0,"54":0,"55":0,"56":0,"57":0,"58":0,"59":0,"60":0,"61":0,"62":0,"63":0,"64":0,"65":0,"66":0,"67":0,"68":0,"69":1,"70":0,"71":0,"72":0,"73":0,"74":0,"75":0,"76":0,"77":0,"78":0,"79":0,"80":0,"81":0,"82":0,"83":0,"84":0,"85":0,"86":0,"87":0,"88":0,"89":0,"90":0,"91":0,"92":0,"93":0,"94":0,"95":0,"96":0,"97":0,"98":0,"99":0,"100":0,"101":0,"102":0,"103":0,"104":0,"105":0,"106":0,"107":0,"108":0,"109":0,"110":0,"111":0,"112":0,"113":0,"114":0,"115":0,"116":0,"117":0,"118":0,"119":0,"120":0,"121":0,"122":0,"123":0,"124":0,"125":0,"126":0,"127":0,"128":0,"129":0,"130":0,"131":0,"132":0,"133":0,"134":0,"135":0,"136":0,"137":0,"138":0,"139":0,"140":0,"141":0,"142":0,"143":0,"144":0,"145":1,"146":0,"147":0,"148":0,"149":0,"150":0,"151":0,"152":0,"153":0,"154":0,"155":0,"156":0,"157":1,"158":0,"159":0,"160":0,"161":0,"162":0,"163":0,"164":1,"165":0,"166":0,"167":0,"168":0,"169":0,"170":0,"171":1,"172":0,"173":0,"174":0,"175":0,"176":0,"177":0,"178":0,"179":0,"180":1,"181":0,"182":0,"183":0,"184":0,"185":0,"186":0,"187":1,"188":0,"189":0,"190":0,"191":0,"192":0,"193":0,"194":1,"195":0,"196":0,"197":0,"198":0,"199":0,"200":0,"201":1,"202":0,"203":0,"204":0,"205":0,"206":0,"207":0,"208":1,"209":0,"210":0,"211":0,"212":0,"213":0,"214":0,"215":1,"216":0,"217":0,"218":0,"219":0,"220":0,"221":0,"222":1,"223":0,"224":0,"225":0,"226":0,"227":0,"228":0,"229":1,"230":0,"231":0,"232":0,"233":0,"234":0,"235":0,"236":1,"237":0,"238":0,"239":0,"240":0,"241":0,"242":0,"243":1,"244":0,"245":0,"246":0,"247":0,"248":0,"249":0,"250":1,"251":0,"252":0,"253":0,"254":0,"255":0,"256":0,"257":1,"258":0,"259":0,"260":0,"261":0,"262":0,"263":0,"264":0,"265":0,"266":0,"267":0,"268":1,"269":0,"270":0,"271":0,"272":0,"273":0,"274":0,"275":1,"276":0,"277":0,"278":0,"279":0,"280":0,"281":0,"282":0,"283":0,"284":0,"285":0,"286":0,"287":0,"288":0,"289":0,"290":0,"291":0,"292":0,"293":0,"294":1,"295":0,"296":0,"297":0,"298":0,"299":0,"300":0,"301":0,"302":0,"303":0,"304":0,"305":0,"306":0,"307":1,"308":0,"309":0,"310":0,"311":0,"312":0,"313":0,"314":0,"315":0,"316":0,"317":0,"318":1},"f":{"0":0,"1":0,"2":1,"3":0,"4":0,"5":0,"6":0,"7":0,"8":0,"9":0,"10":0,"11":0,"12":0,"13":0,"14":0,"15":0,"16":0,"17":0,"18":0,"19":0,"20":0,"21":0,"22":0,"23":0,"24":0,"25":0,"26":0,"27":0,"28":0,"29":0,"30":0},"b":{"0":[0,0],"1":[0,0],"2":[0,0],"3":[0,0],"4":[0,0],"5":[0,0],"6":[0,0],"7":[0,0],"8":[0,0],"9":[0,0],"10":[0,0],"11":[0,0],"12":[0,0],"13":[0,0],"14":[0,0],"15":[0,0],"16":[0,0],"17":[0,0],"18":[0,0],"19":[0,0],"20":[0,0],"21":[0,0],"22":[0,0],"23":[0,0],"24":[0,0],"25":[0,0],"26":[0,0],"27":[0,0],"28":[0,0],"29":[0,0],"30":[0,0],"31":[0,0],"32":[0,0],"33":[0,0],"34":[0,0],"35":[0,0],"36":[0,0],"37":[0,0],"38":[0,0],"39":[0,0],"40":[0,0],"41":[0,0],"42":[0,0],"43":[0,0],"44":[0,0],"45":[0,0],"46":[0,0],"47":[0,0],"48":[0,0],"49":[0,0],"50":[0,0],"51":[0,0],"52":[0,0],"53":[0,0],"54":[0,0],"55":[0,0],"56":[0,0],"57":[0,0],"58":[0,0],"59":[0,0],"60":[0,0],"61":[0,0],"62":[0,0]},"_coverageSchema":"1a1c01bbd47fc00a2c39e90264f33305004495a9","hash":"ea66e54f6694001092e8c99c9230ee89aa8ce278"}
,"C:\\Users\\sarra\\OneDrive\\Documents\\GitHub\\NLAWEJ-authentication_service\\MicroServicesBackend\\authentication-service\\src\\middlewares\\RoleMiddleware.js": {"path":"C:\\Users\\sarra\\OneDrive\\Documents\\GitHub\\NLAWEJ-authentication_service\\MicroServicesBackend\\authentication-service\\src\\middlewares\\RoleMiddleware.js","statementMap":{"0":{"start":{"line":1,"column":23},"end":{"line":10,"column":3}},"1":{"start":{"line":3,"column":4},"end":{"line":5,"column":5}},"2":{"start":{"line":4,"column":6},"end":{"line":4,"column":70}},"3":{"start":{"line":6,"column":4},"end":{"line":8,"column":5}},"4":{"start":{"line":7,"column":6},"end":{"line":7,"column":66}},"5":{"start":{"line":9,"column":4},"end":{"line":9,"column":11}},"6":{"start":{"line":12,"column":0},"end":{"line":12,"column":34}}},"fnMap":{"0":{"name":"(anonymous_0)","decl":{"start":{"line":1,"column":23},"end":{"line":1,"column":24}},"loc":{"start":{"line":1,"column":43},"end":{"line":10,"column":3}},"line":1}},"branchMap":{"0":{"loc":{"start":{"line":3,"column":4},"end":{"line":5,"column":5}},"type":"if","locations":[{"start":{"line":3,"column":4},"end":{"line":5,"column":5}},{"start":{},"end":{}}],"line":3},"1":{"loc":{"start":{"line":3,"column":8},"end":{"line":3,"column":35}},"type":"binary-expr","locations":[{"start":{"line":3,"column":8},"end":{"line":3,"column":17}},{"start":{"line":3,"column":21},"end":{"line":3,"column":35}}],"line":3},"2":{"loc":{"start":{"line":6,"column":4},"end":{"line":8,"column":5}},"type":"if","locations":[{"start":{"line":6,"column":4},"end":{"line":8,"column":5}},{"start":{},"end":{}}],"line":6}},"s":{"0":1,"1":3,"2":1,"3":2,"4":1,"5":1,"6":1},"f":{"0":3},"b":{"0":[1,2],"1":[3,2],"2":[1,1]},"_coverageSchema":"1a1c01bbd47fc00a2c39e90264f33305004495a9","hash":"caa9304f2b97cba64d6d0ae6df218e51b09e9002"}
,"C:\\Users\\sarra\\OneDrive\\Documents\\GitHub\\NLAWEJ-authentication_service\\MicroServicesBackend\\authentication-service\\src\\models\\Service.js": {"path":"C:\\Users\\sarra\\OneDrive\\Documents\\GitHub\\NLAWEJ-authentication_service\\MicroServicesBackend\\authentication-service\\src\\models\\Service.js","statementMap":{"0":{"start":{"line":1,"column":17},"end":{"line":1,"column":36}},"1":{"start":{"line":3,"column":22},"end":{"line":10,"column":2}},"2":{"start":{"line":12,"column":0},"end":{"line":12,"column":58}}},"fnMap":{},"branchMap":{},"s":{"0":1,"1":1,"2":1},"f":{},"b":{},"_coverageSchema":"1a1c01bbd47fc00a2c39e90264f33305004495a9","hash":"afa3b45ce20c1dadc1a4222f6ee1a9dff936c2bc"}
,"C:\\Users\\sarra\\OneDrive\\Documents\\GitHub\\NLAWEJ-authentication_service\\MicroServicesBackend\\authentication-service\\src\\models\\User.js": {"path":"C:\\Users\\sarra\\OneDrive\\Documents\\GitHub\\NLAWEJ-authentication_service\\MicroServicesBackend\\authentication-service\\src\\models\\User.js","statementMap":{"0":{"start":{"line":1,"column":17},"end":{"line":1,"column":36}},"1":{"start":{"line":2,"column":18},"end":{"line":2,"column":38}},"2":{"start":{"line":3,"column":43},"end":{"line":3,"column":77}},"3":{"start":{"line":5,"column":19},"end":{"line":109,"column":1}},"4":{"start":{"line":111,"column":0},"end":{"line":111,"column":53}},"5":{"start":{"line":112,"column":0},"end":{"line":112,"column":49}},"6":{"start":{"line":114,"column":0},"end":{"line":114,"column":52}}},"fnMap":{},"branchMap":{},"s":{"0":1,"1":1,"2":1,"3":1,"4":1,"5":1,"6":1},"f":{},"b":{},"_coverageSchema":"1a1c01bbd47fc00a2c39e90264f33305004495a9","hash":"8d565ddaa57173e4db7aa74ee37294075fefd3d1"}
,"C:\\Users\\sarra\\OneDrive\\Documents\\GitHub\\NLAWEJ-authentication_service\\MicroServicesBackend\\authentication-service\\src\\utils\\VerifyPassword.js": {"path":"C:\\Users\\sarra\\OneDrive\\Documents\\GitHub\\NLAWEJ-authentication_service\\MicroServicesBackend\\authentication-service\\src\\utils\\VerifyPassword.js","statementMap":{"0":{"start":{"line":1,"column":15},"end":{"line":1,"column":34}},"1":{"start":{"line":4,"column":24},"end":{"line":6,"column":1}},"2":{"start":{"line":5,"column":2},"end":{"line":5,"column":55}},"3":{"start":{"line":10,"column":22},"end":{"line":29,"column":1}},"4":{"start":{"line":11,"column":18},"end":{"line":11,"column":61}},"5":{"start":{"line":12,"column":2},"end":{"line":14,"column":3}},"6":{"start":{"line":13,"column":4},"end":{"line":13,"column":38}},"7":{"start":{"line":16,"column":28},"end":{"line":20,"column":3}},"8":{"start":{"line":18,"column":6},"end":{"line":18,"column":64}},"9":{"start":{"line":22,"column":2},"end":{"line":24,"column":3}},"10":{"start":{"line":23,"column":4},"end":{"line":23,"column":46}},"11":{"start":{"line":26,"column":2},"end":{"line":26,"column":43}},"12":{"start":{"line":27,"column":2},"end":{"line":27,"column":53}},"13":{"start":{"line":28,"column":2},"end":{"line":28,"column":20}},"14":{"start":{"line":31,"column":0},"end":{"line":31,"column":50}}},"fnMap":{"0":{"name":"(anonymous_0)","decl":{"start":{"line":4,"column":24},"end":{"line":4,"column":25}},"loc":{"start":{"line":4,"column":49},"end":{"line":6,"column":1}},"line":4},"1":{"name":"(anonymous_1)","decl":{"start":{"line":10,"column":22},"end":{"line":10,"column":23}},"loc":{"start":{"line":10,"column":68},"end":{"line":29,"column":1}},"line":10},"2":{"name":"(anonymous_2)","decl":{"start":{"line":17,"column":29},"end":{"line":17,"column":30}},"loc":{"start":{"line":17,"column":56},"end":{"line":19,"column":5}},"line":17}},"branchMap":{"0":{"loc":{"start":{"line":12,"column":2},"end":{"line":14,"column":3}},"type":"if","locations":[{"start":{"line":12,"column":2},"end":{"line":14,"column":3}},{"start":{},"end":{}}],"line":12},"1":{"loc":{"start":{"line":22,"column":2},"end":{"line":24,"column":3}},"type":"if","locations":[{"start":{"line":22,"column":2},"end":{"line":24,"column":3}},{"start":{},"end":{}}],"line":22}},"s":{"0":2,"1":2,"2":1,"3":2,"4":2,"5":2,"6":1,"7":1,"8":0,"9":1,"10":0,"11":1,"12":1,"13":1,"14":2},"f":{"0":1,"1":2,"2":0},"b":{"0":[1,1],"1":[0,1]},"_coverageSchema":"1a1c01bbd47fc00a2c39e90264f33305004495a9","hash":"32e0e36510adae477d3e6e59fab7f42865b536fa"}
}
