TN:
SF:src\config\GoogleAuthenticator2FA.js
FN:6,(anonymous_0)
FN:20,(anonymous_1)
FN:42,(anonymous_2)
FNF:3
FNH:0
FNDA:0,(anonymous_0)
FNDA:0,(anonymous_1)
FNDA:0,(anonymous_2)
DA:1,1
DA:2,1
DA:3,1
DA:6,1
DA:8,0
DA:15,0
DA:20,1
DA:22,0
DA:30,0
DA:31,0
DA:34,0
DA:35,0
DA:37,0
DA:42,1
DA:43,0
DA:44,0
DA:45,0
DA:47,0
DA:53,0
DA:54,0
DA:59,1
LF:21
LH:7
BRF:0
BRH:0
end_of_record
TN:
SF:src\controllers\AuthController.js
FN:18,(anonymous_0)
FN:22,(anonymous_1)
FN:29,(anonymous_2)
FN:43,(anonymous_3)
FN:47,(anonymous_4)
FN:107,(anonymous_5)
FN:153,(anonymous_6)
FN:192,(anonymous_7)
FN:215,(anonymous_8)
FN:302,(anonymous_9)
FN:326,(anonymous_10)
FN:343,(anonymous_11)
FNF:12
FNH:9
FNDA:0,(anonymous_0)
FNDA:0,(anonymous_1)
FNDA:0,(anonymous_2)
FNDA:1,(anonymous_3)
FNDA:1,(anonymous_4)
FNDA:2,(anonymous_5)
FNDA:2,(anonymous_6)
FNDA:2,(anonymous_7)
FNDA:1,(anonymous_8)
FNDA:2,(anonymous_9)
FNDA:2,(anonymous_10)
FNDA:2,(anonymous_11)
DA:5,1
DA:6,1
DA:7,1
DA:8,1
DA:9,1
DA:10,1
DA:11,1
DA:12,1
DA:13,1
DA:17,1
DA:19,0
DA:20,0
DA:23,0
DA:27,1
DA:30,0
DA:34,0
DA:35,0
DA:36,0
DA:37,0
DA:39,0
DA:43,1
DA:44,1
DA:48,1
DA:49,0
DA:52,1
DA:53,1
DA:55,1
DA:56,1
DA:59,0
DA:60,0
DA:63,0
DA:64,0
DA:66,0
DA:67,0
DA:70,0
DA:71,0
DA:74,0
DA:75,0
DA:77,0
DA:90,0
DA:91,0
DA:93,0
DA:99,0
DA:100,0
DA:107,1
DA:108,2
DA:109,2
DA:111,2
DA:112,1
DA:116,1
DA:117,0
DA:119,1
DA:120,1
DA:122,0
DA:123,0
DA:126,0
DA:127,0
DA:128,0
DA:140,0
DA:141,0
DA:147,0
DA:153,1
DA:154,2
DA:155,2
DA:156,2
DA:157,1
DA:159,1
DA:160,1
DA:161,0
DA:162,0
DA:163,0
DA:164,0
DA:166,0
DA:167,0
DA:176,0
DA:177,0
DA:178,0
DA:179,0
DA:180,0
DA:186,0
DA:192,1
DA:193,2
DA:194,2
DA:195,2
DA:196,2
DA:197,1
DA:198,0
DA:200,1
DA:201,0
DA:203,1
DA:204,1
DA:205,1
DA:206,1
DA:207,1
DA:209,0
DA:215,1
DA:216,1
DA:217,1
DA:218,1
DA:220,1
DA:221,0
DA:224,1
DA:225,0
DA:228,1
DA:229,0
DA:230,0
DA:231,0
DA:234,1
DA:235,0
DA:238,1
DA:239,1
DA:240,1
DA:241,1
DA:243,1
DA:244,0
DA:245,0
DA:246,0
DA:249,1
DA:252,0
DA:253,0
DA:254,0
DA:257,0
DA:258,0
DA:259,0
DA:262,0
DA:267,0
DA:268,0
DA:270,0
DA:271,0
DA:273,0
DA:274,0
DA:276,0
DA:277,0
DA:279,0
DA:280,0
DA:281,0
DA:283,0
DA:284,0
DA:285,0
DA:286,0
DA:295,0
DA:296,0
DA:302,1
DA:303,2
DA:304,2
DA:306,2
DA:307,1
DA:309,1
DA:310,1
DA:311,0
DA:313,1
DA:314,1
DA:315,1
DA:316,1
DA:318,0
DA:319,0
DA:326,1
DA:327,2
DA:328,2
DA:329,2
DA:330,1
DA:332,1
DA:333,1
DA:334,1
DA:335,1
DA:337,0
DA:343,1
DA:344,2
DA:345,2
DA:346,2
DA:347,2
DA:348,1
DA:350,1
DA:351,1
DA:352,1
DA:353,1
DA:354,1
DA:355,1
DA:357,0
DA:364,1
LF:180
LH:92
BRDA:19,0,0,0
BRDA:19,0,1,0
BRDA:36,1,0,0
BRDA:36,1,1,0
BRDA:36,2,0,0
BRDA:36,2,1,0
BRDA:48,3,0,0
BRDA:48,3,1,1
BRDA:55,4,0,1
BRDA:55,4,1,0
BRDA:55,5,0,1
BRDA:55,5,1,1
BRDA:55,5,2,0
BRDA:55,5,3,0
BRDA:55,5,4,0
BRDA:55,5,5,0
BRDA:55,5,6,0
BRDA:59,6,0,0
BRDA:59,6,1,0
BRDA:59,7,0,0
BRDA:59,7,1,0
BRDA:63,8,0,0
BRDA:63,8,1,0
BRDA:66,9,0,0
BRDA:66,9,1,0
BRDA:70,10,0,0
BRDA:70,10,1,0
BRDA:85,11,0,0
BRDA:85,11,1,0
BRDA:86,12,0,0
BRDA:86,12,1,0
BRDA:111,13,0,1
BRDA:111,13,1,1
BRDA:111,14,0,2
BRDA:111,14,1,1
BRDA:111,14,2,1
BRDA:111,14,3,1
BRDA:111,14,4,1
BRDA:111,14,5,1
BRDA:116,15,0,0
BRDA:116,15,1,1
BRDA:116,16,0,1
BRDA:116,16,1,0
BRDA:120,17,0,1
BRDA:120,17,1,0
BRDA:123,18,0,0
BRDA:123,18,1,0
BRDA:138,19,0,0
BRDA:138,19,1,0
BRDA:156,20,0,1
BRDA:156,20,1,1
BRDA:156,21,0,2
BRDA:156,21,1,1
BRDA:156,21,2,1
BRDA:156,21,3,1
BRDA:156,21,4,1
BRDA:156,21,5,1
BRDA:156,21,6,1
BRDA:160,22,0,1
BRDA:160,22,1,0
BRDA:162,23,0,0
BRDA:162,23,1,0
BRDA:163,24,0,0
BRDA:163,24,1,0
BRDA:196,25,0,1
BRDA:196,25,1,1
BRDA:197,26,0,0
BRDA:197,26,1,1
BRDA:200,27,0,0
BRDA:200,27,1,1
BRDA:220,28,0,0
BRDA:220,28,1,1
BRDA:224,29,0,0
BRDA:224,29,1,1
BRDA:228,30,0,0
BRDA:228,30,1,1
BRDA:228,31,0,1
BRDA:228,31,1,0
BRDA:234,32,0,0
BRDA:234,32,1,1
BRDA:239,33,0,1
BRDA:239,33,1,0
BRDA:243,34,0,0
BRDA:243,34,1,1
BRDA:252,35,0,0
BRDA:252,35,1,0
BRDA:253,36,0,0
BRDA:253,36,1,0
BRDA:258,37,0,0
BRDA:258,37,1,0
BRDA:306,38,0,1
BRDA:306,38,1,1
BRDA:310,39,0,0
BRDA:310,39,1,1
BRDA:329,40,0,1
BRDA:329,40,1,1
BRDA:347,41,0,1
BRDA:347,41,1,1
BRF:98
BRH:43
end_of_record
TN:
SF:src\controllers\UserManagement.js
FN:6,(anonymous_0)
FN:14,(anonymous_1)
FN:22,(anonymous_2)
FN:30,(anonymous_3)
FN:38,(anonymous_4)
FN:47,(anonymous_5)
FN:94,(anonymous_6)
FN:129,(anonymous_7)
FN:153,(anonymous_8)
FN:161,(anonymous_9)
FN:212,(anonymous_10)
FN:225,(anonymous_11)
FN:242,(anonymous_12)
FN:252,(anonymous_13)
FN:264,(anonymous_14)
FN:279,(anonymous_15)
FN:291,(anonymous_16)
FN:303,(anonymous_17)
FN:315,(anonymous_18)
FN:327,(anonymous_19)
FN:340,(anonymous_20)
FN:352,(anonymous_21)
FN:364,(anonymous_22)
FN:376,(anonymous_23)
FN:388,(anonymous_24)
FN:400,(anonymous_25)
FN:412,(anonymous_26)
FN:432,(anonymous_27)
FN:448,(anonymous_28)
FN:485,(anonymous_29)
FN:507,(anonymous_30)
FNF:31
FNH:1
FNDA:0,(anonymous_0)
FNDA:0,(anonymous_1)
FNDA:1,(anonymous_2)
FNDA:0,(anonymous_3)
FNDA:0,(anonymous_4)
FNDA:0,(anonymous_5)
FNDA:0,(anonymous_6)
FNDA:0,(anonymous_7)
FNDA:0,(anonymous_8)
FNDA:0,(anonymous_9)
FNDA:0,(anonymous_10)
FNDA:0,(anonymous_11)
FNDA:0,(anonymous_12)
FNDA:0,(anonymous_13)
FNDA:0,(anonymous_14)
FNDA:0,(anonymous_15)
FNDA:0,(anonymous_16)
FNDA:0,(anonymous_17)
FNDA:0,(anonymous_18)
FNDA:0,(anonymous_19)
FNDA:0,(anonymous_20)
FNDA:0,(anonymous_21)
FNDA:0,(anonymous_22)
FNDA:0,(anonymous_23)
FNDA:0,(anonymous_24)
FNDA:0,(anonymous_25)
FNDA:0,(anonymous_26)
FNDA:0,(anonymous_27)
FNDA:0,(anonymous_28)
FNDA:0,(anonymous_29)
FNDA:0,(anonymous_30)
DA:1,1
DA:2,1
DA:3,1
DA:4,1
DA:6,1
DA:7,0
DA:8,0
DA:9,0
DA:11,0
DA:14,1
DA:15,0
DA:16,0
DA:17,0
DA:19,0
DA:22,1
DA:23,1
DA:24,1
DA:25,1
DA:27,0
DA:30,1
DA:31,0
DA:32,0
DA:33,0
DA:35,0
DA:38,1
DA:39,0
DA:40,0
DA:41,0
DA:42,0
DA:44,0
DA:47,1
DA:48,0
DA:49,0
DA:50,0
DA:52,0
DA:54,0
DA:56,0
DA:57,0
DA:58,0
DA:59,0
DA:60,0
DA:61,0
DA:62,0
DA:63,0
DA:64,0
DA:65,0
DA:66,0
DA:67,0
DA:69,0
DA:70,0
DA:73,0
DA:79,0
DA:80,0
DA:83,0
DA:89,0
DA:90,0
DA:94,1
DA:95,0
DA:96,0
DA:97,0
DA:115,0
DA:117,0
DA:118,0
DA:119,0
DA:121,0
DA:122,0
DA:123,0
DA:125,0
DA:129,0
DA:131,0
DA:132,0
DA:135,0
DA:138,0
DA:139,0
DA:140,0
DA:141,0
DA:142,0
DA:145,0
DA:146,0
DA:147,0
DA:150,0
DA:152,0
DA:153,0
DA:154,0
DA:155,0
DA:156,0
DA:157,0
DA:160,0
DA:161,0
DA:162,0
DA:163,0
DA:167,0
DA:168,0
DA:170,0
DA:172,0
DA:177,0
DA:178,0
DA:179,0
DA:180,0
DA:181,0
DA:184,0
DA:185,0
DA:188,0
DA:198,0
DA:199,0
DA:202,0
DA:208,0
DA:211,0
DA:212,0
DA:213,0
DA:216,0
DA:217,0
DA:218,0
DA:221,0
DA:225,1
DA:226,0
DA:227,0
DA:228,0
DA:229,0
DA:231,0
DA:232,0
DA:233,0
DA:234,0
DA:235,0
DA:236,0
DA:238,0
DA:242,1
DA:243,0
DA:244,0
DA:245,0
DA:246,0
DA:248,0
DA:252,1
DA:253,0
DA:254,0
DA:256,0
DA:257,0
DA:260,0
DA:261,0
DA:264,1
DA:265,0
DA:266,0
DA:267,0
DA:268,0
DA:269,0
DA:272,0
DA:275,0
DA:276,0
DA:279,1
DA:280,0
DA:281,0
DA:283,0
DA:284,0
DA:287,0
DA:288,0
DA:291,1
DA:292,0
DA:293,0
DA:295,0
DA:296,0
DA:299,0
DA:300,0
DA:303,1
DA:304,0
DA:305,0
DA:307,0
DA:308,0
DA:311,0
DA:312,0
DA:315,1
DA:316,0
DA:317,0
DA:319,0
DA:320,0
DA:323,0
DA:324,0
DA:327,1
DA:328,0
DA:329,0
DA:331,0
DA:332,0
DA:335,0
DA:336,0
DA:340,1
DA:341,0
DA:342,0
DA:344,0
DA:345,0
DA:348,0
DA:349,0
DA:352,1
DA:353,0
DA:354,0
DA:356,0
DA:357,0
DA:360,0
DA:361,0
DA:364,1
DA:365,0
DA:366,0
DA:368,0
DA:369,0
DA:372,0
DA:373,0
DA:376,1
DA:377,0
DA:378,0
DA:380,0
DA:381,0
DA:384,0
DA:385,0
DA:388,1
DA:389,0
DA:390,0
DA:392,0
DA:393,0
DA:396,0
DA:397,0
DA:400,1
DA:401,0
DA:402,0
DA:404,0
DA:405,0
DA:408,0
DA:409,0
DA:412,1
DA:413,0
DA:414,0
DA:416,0
DA:417,0
DA:420,0
DA:422,0
DA:423,0
DA:426,0
DA:428,0
DA:429,0
DA:432,1
DA:433,0
DA:434,0
DA:436,0
DA:440,0
DA:443,0
DA:444,0
DA:448,1
DA:449,0
DA:450,0
DA:451,0
DA:452,0
DA:453,0
DA:454,0
DA:456,0
DA:457,0
DA:460,0
DA:461,0
DA:462,0
DA:465,0
DA:466,0
DA:469,0
DA:470,0
DA:472,0
DA:477,0
DA:478,0
DA:485,1
DA:486,0
DA:487,0
DA:489,0
DA:490,0
DA:491,0
DA:494,0
DA:495,0
DA:496,0
DA:499,0
DA:500,0
DA:502,0
DA:504,0
DA:507,1
DA:508,0
DA:509,0
DA:511,0
DA:512,0
DA:516,0
DA:521,0
DA:522,0
DA:527,0
DA:532,0
DA:533,0
DA:539,1
LF:287
LH:35
BRDA:41,0,0,0
BRDA:41,0,1,0
BRDA:56,1,0,0
BRDA:56,1,1,0
BRDA:57,2,0,0
BRDA:57,2,1,0
BRDA:58,3,0,0
BRDA:58,3,1,0
BRDA:59,4,0,0
BRDA:59,4,1,0
BRDA:60,5,0,0
BRDA:60,5,1,0
BRDA:61,6,0,0
BRDA:61,6,1,0
BRDA:62,7,0,0
BRDA:62,7,1,0
BRDA:63,8,0,0
BRDA:63,8,1,0
BRDA:64,9,0,0
BRDA:64,9,1,0
BRDA:65,10,0,0
BRDA:65,10,1,0
BRDA:66,11,0,0
BRDA:66,11,1,0
BRDA:67,12,0,0
BRDA:67,12,1,0
BRDA:69,13,0,0
BRDA:69,13,1,0
BRDA:79,14,0,0
BRDA:79,14,1,0
BRDA:118,15,0,0
BRDA:118,15,1,0
BRDA:118,16,0,0
BRDA:118,16,1,0
BRDA:122,17,0,0
BRDA:122,17,1,0
BRDA:131,18,0,0
BRDA:131,18,1,0
BRDA:138,19,0,0
BRDA:138,19,1,0
BRDA:139,20,0,0
BRDA:139,20,1,0
BRDA:140,21,0,0
BRDA:140,21,1,0
BRDA:141,22,0,0
BRDA:141,22,1,0
BRDA:142,23,0,0
BRDA:142,23,1,0
BRDA:146,24,0,0
BRDA:146,24,1,0
BRDA:150,25,0,0
BRDA:150,25,1,0
BRDA:152,26,0,0
BRDA:152,26,1,0
BRDA:152,27,0,0
BRDA:152,27,1,0
BRDA:154,28,0,0
BRDA:154,28,1,0
BRDA:155,29,0,0
BRDA:155,29,1,0
BRDA:156,30,0,0
BRDA:156,30,1,0
BRDA:160,31,0,0
BRDA:160,31,1,0
BRDA:160,32,0,0
BRDA:160,32,1,0
BRDA:162,33,0,0
BRDA:162,33,1,0
BRDA:167,34,0,0
BRDA:167,34,1,0
BRDA:177,35,0,0
BRDA:177,35,1,0
BRDA:178,36,0,0
BRDA:178,36,1,0
BRDA:179,37,0,0
BRDA:179,37,1,0
BRDA:180,38,0,0
BRDA:180,38,1,0
BRDA:181,39,0,0
BRDA:181,39,1,0
BRDA:184,40,0,0
BRDA:184,40,1,0
BRDA:185,41,0,0
BRDA:185,41,1,0
BRDA:198,42,0,0
BRDA:198,42,1,0
BRDA:211,43,0,0
BRDA:211,43,1,0
BRDA:216,44,0,0
BRDA:216,44,1,0
BRDA:228,45,0,0
BRDA:228,45,1,0
BRDA:245,46,0,0
BRDA:245,46,1,0
BRDA:268,47,0,0
BRDA:268,47,1,0
BRDA:416,48,0,0
BRDA:416,48,1,0
BRDA:422,49,0,0
BRDA:422,49,1,0
BRDA:453,50,0,0
BRDA:453,50,1,0
BRDA:456,51,0,0
BRDA:456,51,1,0
BRDA:461,52,0,0
BRDA:461,52,1,0
BRDA:461,53,0,0
BRDA:461,53,1,0
BRDA:465,54,0,0
BRDA:465,54,1,0
BRDA:480,55,0,0
BRDA:480,55,1,0
BRDA:490,56,0,0
BRDA:490,56,1,0
BRDA:490,57,0,0
BRDA:490,57,1,0
BRDA:495,58,0,0
BRDA:495,58,1,0
BRDA:511,59,0,0
BRDA:511,59,1,0
BRDA:521,60,0,0
BRDA:521,60,1,0
BRDA:528,61,0,0
BRDA:528,61,1,0
BRDA:529,62,0,0
BRDA:529,62,1,0
BRF:126
BRH:0
end_of_record
TN:
SF:src\middlewares\RoleMiddleware.js
FN:1,(anonymous_0)
FNF:1
FNH:1
FNDA:3,(anonymous_0)
DA:1,1
DA:3,3
DA:4,1
DA:6,2
DA:7,1
DA:9,1
DA:12,1
LF:7
LH:7
BRDA:3,0,0,1
BRDA:3,0,1,2
BRDA:3,1,0,3
BRDA:3,1,1,2
BRDA:6,2,0,1
BRDA:6,2,1,1
BRF:6
BRH:6
end_of_record
TN:
SF:src\models\Service.js
FNF:0
FNH:0
DA:1,1
DA:3,1
DA:12,1
LF:3
LH:3
BRF:0
BRH:0
end_of_record
TN:
SF:src\models\User.js
FNF:0
FNH:0
DA:1,1
DA:2,1
DA:3,1
DA:5,1
DA:111,1
DA:112,1
DA:114,1
LF:7
LH:7
BRF:0
BRH:0
end_of_record
TN:
SF:src\utils\VerifyPassword.js
FN:4,(anonymous_0)
FN:10,(anonymous_1)
FN:17,(anonymous_2)
FNF:3
FNH:2
FNDA:1,(anonymous_0)
FNDA:2,(anonymous_1)
FNDA:0,(anonymous_2)
DA:1,2
DA:4,2
DA:5,1
DA:10,2
DA:11,2
DA:12,2
DA:13,1
DA:16,1
DA:18,0
DA:22,1
DA:23,0
DA:26,1
DA:27,1
DA:28,1
DA:31,2
LF:15
LH:13
BRDA:12,0,0,1
BRDA:12,0,1,1
BRDA:22,1,0,0
BRDA:22,1,1,1
BRF:4
BRH:3
end_of_record
